TN:
SF:src/components/AmmSimulation.tsx
FN:88,(anonymous_0)
FN:95,(anonymous_1)
FN:112,(anonymous_2)
FN:120,(anonymous_3)
FN:134,(anonymous_4)
FN:142,(anonymous_5)
FN:173,(anonymous_6)
FN:180,(anonymous_7)
FN:187,(anonymous_8)
FN:201,(anonymous_9)
FN:207,(anonymous_10)
FN:208,(anonymous_11)
FN:293,(anonymous_12)
FN:294,(anonymous_13)
FN:327,(anonymous_14)
FN:330,(anonymous_15)
FN:351,(anonymous_16)
FN:352,(anonymous_17)
FN:360,(anonymous_18)
FN:422,(anonymous_19)
FN:496,(anonymous_20)
FNF:21
FNH:0
FNDA:0,(anonymous_0)
FNDA:0,(anonymous_1)
FNDA:0,(anonymous_2)
FNDA:0,(anonymous_3)
FNDA:0,(anonymous_4)
FNDA:0,(anonymous_5)
FNDA:0,(anonymous_6)
FNDA:0,(anonymous_7)
FNDA:0,(anonymous_8)
FNDA:0,(anonymous_9)
FNDA:0,(anonymous_10)
FNDA:0,(anonymous_11)
FNDA:0,(anonymous_12)
FNDA:0,(anonymous_13)
FNDA:0,(anonymous_14)
FNDA:0,(anonymous_15)
FNDA:0,(anonymous_16)
FNDA:0,(anonymous_17)
FNDA:0,(anonymous_18)
FNDA:0,(anonymous_19)
FNDA:0,(anonymous_20)
DA:1,0
DA:2,0
DA:42,0
DA:58,0
DA:67,0
DA:89,0
DA:90,0
DA:92,0
DA:95,0
DA:109,0
DA:112,0
DA:120,0
DA:134,0
DA:142,0
DA:173,0
DA:180,0
DA:187,0
DA:201,0
DA:202,0
DA:203,0
DA:205,0
DA:207,0
DA:208,0
DA:209,0
DA:210,0
DA:212,0
DA:213,0
DA:215,0
DA:217,0
DA:218,0
DA:220,0
DA:222,0
DA:225,0
DA:226,0
DA:227,0
DA:232,0
DA:233,0
DA:234,0
DA:237,0
DA:240,0
DA:241,0
DA:244,0
DA:246,0
DA:247,0
DA:250,0
DA:252,0
DA:253,0
DA:254,0
DA:256,0
DA:257,0
DA:258,0
DA:261,0
DA:262,0
DA:265,0
DA:266,0
DA:268,0
DA:270,0
DA:271,0
DA:274,0
DA:287,0
DA:290,0
DA:293,0
DA:294,0
DA:300,0
DA:328,0
DA:331,0
DA:351,0
DA:353,0
DA:361,0
DA:422,0
DA:496,0
DA:540,0
LF:72
LH:0
BRDA:89,0,0,0
BRDA:220,1,0,0
BRDA:220,1,1,0
BRDA:250,2,0,0
BRDA:250,3,0,0
BRDA:250,3,1,0
BRDA:335,4,0,0
BRDA:335,4,1,0
BRDA:423,5,0,0
BRDA:423,5,1,0
BRDA:497,6,0,0
BRDA:497,6,1,0
BRDA:499,7,0,0
BRDA:499,7,1,0
BRF:14
BRH:0
end_of_record
TN:
SF:src/components/ApiPlayground.tsx
FN:19,ApiPlayground
FN:69,(anonymous_1)
FN:72,(anonymous_2)
FNF:3
FNH:0
FNDA:0,ApiPlayground
FNDA:0,(anonymous_1)
FNDA:0,(anonymous_2)
DA:1,0
DA:2,0
DA:3,0
DA:4,0
DA:5,0
DA:6,0
DA:7,0
DA:8,0
DA:9,0
DA:10,0
DA:11,0
DA:12,0
DA:13,0
DA:14,0
DA:15,0
DA:19,0
DA:20,0
DA:25,0
DA:48,0
DA:70,0
DA:72,0
LF:21
LH:0
BRDA:74,0,0,0
BRDA:74,0,1,0
BRDA:104,1,0,0
BRDA:104,1,1,0
BRDA:109,2,0,0
BRDA:109,2,1,0
BRDA:122,3,0,0
BRDA:122,3,1,0
BRDA:127,4,0,0
BRDA:127,4,1,0
BRDA:137,5,0,0
BRDA:137,5,1,0
BRDA:142,6,0,0
BRDA:142,6,1,0
BRDA:153,7,0,0
BRDA:153,7,1,0
BRDA:158,8,0,0
BRDA:158,8,1,0
BRF:18
BRH:0
end_of_record
TN:
SF:src/components/ApiPlaygroundParts/BulkPriceHistory.tsx
FN:5,BulkPriceHistory
FN:10,(anonymous_1)
FNF:2
FNH:0
FNDA:0,BulkPriceHistory
FNDA:0,(anonymous_1)
DA:1,0
DA:2,0
DA:3,0
DA:5,0
DA:6,0
DA:7,0
DA:8,0
DA:10,0
DA:11,0
DA:12,0
DA:13,0
DA:16,0
DA:17,0
DA:18,0
DA:26,0
DA:27,0
DA:28,0
DA:30,0
DA:31,0
DA:35,0
LF:20
LH:0
BRDA:11,0,0,0
BRDA:27,1,0,0
BRF:2
BRH:0
end_of_record
TN:
SF:src/components/ApiPlaygroundParts/BulkPrices.tsx
FN:5,BulkPrices
FN:10,(anonymous_1)
FNF:2
FNH:0
FNDA:0,BulkPrices
FNDA:0,(anonymous_1)
DA:1,0
DA:2,0
DA:3,0
DA:5,0
DA:6,0
DA:7,0
DA:8,0
DA:10,0
DA:11,0
DA:12,0
DA:13,0
DA:16,0
DA:17,0
DA:18,0
DA:23,0
DA:24,0
DA:25,0
DA:27,0
DA:28,0
DA:32,0
LF:20
LH:0
BRDA:11,0,0,0
BRDA:24,1,0,0
BRF:2
BRH:0
end_of_record
TN:
SF:src/components/ApiPlaygroundParts/ContestContext.tsx
FN:15,ContestProvider
FN:21,(anonymous_1)
FN:45,(anonymous_2)
FN:65,useContests
FN:73,ContestSelect
FN:112,(anonymous_5)
FN:115,(anonymous_6)
FNF:7
FNH:0
FNDA:0,ContestProvider
FNDA:0,(anonymous_1)
FNDA:0,(anonymous_2)
FNDA:0,useContests
FNDA:0,ContestSelect
FNDA:0,(anonymous_5)
FNDA:0,(anonymous_6)
DA:1,0
DA:13,0
DA:15,0
DA:16,0
DA:17,0
DA:18,0
DA:19,0
DA:21,0
DA:22,0
DA:23,0
DA:24,0
DA:25,0
DA:27,0
DA:29,0
DA:30,0
DA:33,0
DA:34,0
DA:35,0
DA:37,0
DA:38,0
DA:39,0
DA:41,0
DA:45,0
DA:46,0
DA:49,0
DA:65,0
DA:66,0
DA:67,0
DA:68,0
DA:70,0
DA:73,0
DA:82,0
DA:84,0
DA:85,0
DA:92,0
DA:94,0
DA:95,0
DA:101,0
DA:108,0
DA:112,0
DA:116,0
LF:41
LH:0
BRDA:27,0,0,0
BRDA:34,1,0,0
BRDA:35,2,0,0
BRDA:35,2,1,0
BRDA:67,3,0,0
BRDA:76,4,0,0
BRDA:84,5,0,0
BRDA:92,6,0,0
BRDA:94,7,0,0
BRDA:112,8,0,0
BRDA:112,8,1,0
BRF:11
BRH:0
end_of_record
TN:
SF:src/components/ApiPlaygroundParts/ContestsList.tsx
FN:8,(anonymous_0)
FN:35,ContestsList
FN:42,(anonymous_2)
FN:46,(anonymous_3)
FN:63,(anonymous_4)
FN:71,(anonymous_5)
FN:140,(anonymous_6)
FN:149,(anonymous_7)
FN:212,(anonymous_8)
FN:227,(anonymous_9)
FN:242,(anonymous_10)
FN:257,(anonymous_11)
FN:275,(anonymous_12)
FNF:13
FNH:0
FNDA:0,(anonymous_0)
FNDA:0,ContestsList
FNDA:0,(anonymous_2)
FNDA:0,(anonymous_3)
FNDA:0,(anonymous_4)
FNDA:0,(anonymous_5)
FNDA:0,(anonymous_6)
FNDA:0,(anonymous_7)
FNDA:0,(anonymous_8)
FNDA:0,(anonymous_9)
FNDA:0,(anonymous_10)
FNDA:0,(anonymous_11)
FNDA:0,(anonymous_12)
DA:3,0
DA:4,0
DA:5,0
DA:8,0
DA:11,0
DA:12,0
DA:35,0
DA:36,0
DA:37,0
DA:38,0
DA:39,0
DA:40,0
DA:42,0
DA:43,0
DA:46,0
DA:47,0
DA:48,0
DA:49,0
DA:50,0
DA:53,0
DA:54,0
DA:56,0
DA:57,0
DA:59,0
DA:63,0
DA:64,0
DA:65,0
DA:66,0
DA:68,0
DA:71,0
DA:72,0
DA:73,0
DA:74,0
DA:77,0
DA:78,0
DA:80,0
DA:81,0
DA:82,0
DA:83,0
DA:84,0
DA:85,0
DA:87,0
DA:88,0
DA:99,0
DA:112,0
DA:113,0
DA:115,0
DA:116,0
DA:127,0
DA:140,0
DA:141,0
DA:142,0
DA:144,0
DA:145,0
DA:149,0
DA:150,0
DA:151,0
DA:153,0
DA:159,0
DA:164,0
DA:170,0
DA:172,0
DA:176,0
DA:177,0
DA:188,0
DA:189,0
DA:207,0
DA:212,0
DA:227,0
DA:242,0
DA:257,0
DA:276,0
LF:72
LH:0
BRDA:11,0,0,0
BRDA:11,0,1,0
BRDA:54,1,0,0
BRDA:54,1,1,0
BRDA:80,2,0,0
BRDA:87,3,0,0
BRDA:87,3,1,0
BRDA:91,4,0,0
BRDA:91,4,1,0
BRDA:93,5,0,0
BRDA:93,5,1,0
BRDA:102,6,0,0
BRDA:102,6,1,0
BRDA:104,7,0,0
BRDA:104,7,1,0
BRDA:115,8,0,0
BRDA:115,8,1,0
BRDA:119,9,0,0
BRDA:119,9,1,0
BRDA:121,10,0,0
BRDA:121,10,1,0
BRDA:130,11,0,0
BRDA:130,11,1,0
BRDA:132,12,0,0
BRDA:132,12,1,0
BRDA:141,13,0,0
BRDA:141,13,1,0
BRDA:142,14,0,0
BRDA:142,14,1,0
BRDA:150,15,0,0
BRDA:150,15,1,0
BRDA:151,16,0,0
BRDA:151,16,1,0
BRDA:151,16,2,0
BRDA:151,16,3,0
BRDA:151,16,4,0
BRDA:176,17,0,0
BRDA:188,18,0,0
BRDA:214,19,0,0
BRDA:214,19,1,0
BRDA:220,20,0,0
BRDA:220,20,1,0
BRDA:222,21,0,0
BRDA:222,21,1,0
BRDA:229,22,0,0
BRDA:229,22,1,0
BRDA:235,23,0,0
BRDA:235,23,1,0
BRDA:237,24,0,0
BRDA:237,24,1,0
BRDA:244,25,0,0
BRDA:244,25,1,0
BRDA:250,26,0,0
BRDA:250,26,1,0
BRDA:252,27,0,0
BRDA:252,27,1,0
BRDA:259,28,0,0
BRDA:259,28,1,0
BRDA:265,29,0,0
BRDA:265,29,1,0
BRDA:267,30,0,0
BRDA:267,30,1,0
BRF:62
BRH:0
end_of_record
TN:
SF:src/components/ApiPlaygroundParts/CreateContest.tsx
FN:18,CreateContest
FN:34,(anonymous_1)
FN:73,(anonymous_2)
FN:73,(anonymous_3)
FN:86,(anonymous_4)
FN:87,(anonymous_5)
FN:101,(anonymous_6)
FN:102,(anonymous_7)
FN:116,(anonymous_8)
FN:117,(anonymous_9)
FN:131,(anonymous_10)
FN:132,(anonymous_11)
FN:146,(anonymous_12)
FN:147,(anonymous_13)
FN:161,(anonymous_14)
FN:162,(anonymous_15)
FN:179,(anonymous_16)
FN:180,(anonymous_17)
FN:195,(anonymous_18)
FN:196,(anonymous_19)
FNF:20
FNH:0
FNDA:0,CreateContest
FNDA:0,(anonymous_1)
FNDA:0,(anonymous_2)
FNDA:0,(anonymous_3)
FNDA:0,(anonymous_4)
FNDA:0,(anonymous_5)
FNDA:0,(anonymous_6)
FNDA:0,(anonymous_7)
FNDA:0,(anonymous_8)
FNDA:0,(anonymous_9)
FNDA:0,(anonymous_10)
FNDA:0,(anonymous_11)
FNDA:0,(anonymous_12)
FNDA:0,(anonymous_13)
FNDA:0,(anonymous_14)
FNDA:0,(anonymous_15)
FNDA:0,(anonymous_16)
FNDA:0,(anonymous_17)
FNDA:0,(anonymous_18)
FNDA:0,(anonymous_19)
DA:1,0
DA:2,0
DA:3,0
DA:4,0
DA:18,0
DA:19,0
DA:20,0
DA:21,0
DA:22,0
DA:34,0
DA:35,0
DA:36,0
DA:37,0
DA:42,0
DA:43,0
DA:44,0
DA:45,0
DA:47,0
DA:48,0
DA:52,0
DA:73,0
DA:87,0
DA:102,0
DA:117,0
DA:132,0
DA:147,0
DA:162,0
DA:180,0
DA:196,0
LF:29
LH:0
BRDA:43,0,0,0
BRF:1
BRH:0
end_of_record
TN:
SF:src/components/ApiPlaygroundParts/EndContest.tsx
FN:15,EndContest
FN:23,(anonymous_1)
FN:27,(anonymous_2)
FN:51,(anonymous_3)
FN:89,(anonymous_4)
FN:90,(anonymous_5)
FN:97,(anonymous_6)
FN:142,(anonymous_7)
FN:154,(anonymous_8)
FN:210,(anonymous_9)
FN:233,(anonymous_10)
FNF:11
FNH:0
FNDA:0,EndContest
FNDA:0,(anonymous_1)
FNDA:0,(anonymous_2)
FNDA:0,(anonymous_3)
FNDA:0,(anonymous_4)
FNDA:0,(anonymous_5)
FNDA:0,(anonymous_6)
FNDA:0,(anonymous_7)
FNDA:0,(anonymous_8)
FNDA:0,(anonymous_9)
FNDA:0,(anonymous_10)
DA:1,0
DA:2,0
DA:3,0
DA:15,0
DA:16,0
DA:17,0
DA:18,0
DA:19,0
DA:20,0
DA:21,0
DA:23,0
DA:24,0
DA:27,0
DA:28,0
DA:29,0
DA:30,0
DA:34,0
DA:36,0
DA:37,0
DA:40,0
DA:41,0
DA:43,0
DA:44,0
DA:45,0
DA:47,0
DA:51,0
DA:52,0
DA:54,0
DA:55,0
DA:56,0
DA:57,0
DA:66,0
DA:67,0
DA:69,0
DA:70,0
DA:72,0
DA:76,0
DA:77,0
DA:78,0
DA:79,0
DA:81,0
DA:82,0
DA:83,0
DA:85,0
DA:89,0
DA:90,0
DA:91,0
DA:92,0
DA:93,0
DA:94,0
DA:97,0
DA:98,0
DA:99,0
DA:100,0
DA:103,0
DA:104,0
DA:106,0
DA:108,0
DA:109,0
DA:110,0
DA:111,0
DA:112,0
DA:114,0
DA:115,0
DA:116,0
DA:117,0
DA:119,0
DA:123,0
DA:124,0
DA:126,0
DA:127,0
DA:128,0
DA:129,0
DA:131,0
DA:134,0
DA:142,0
DA:155,0
DA:156,0
DA:157,0
DA:158,0
DA:210,0
DA:233,0
LF:82
LH:0
BRDA:34,0,0,0
BRDA:41,1,0,0
BRDA:41,1,1,0
BRDA:52,2,0,0
BRDA:67,3,0,0
BRDA:69,4,0,0
BRDA:69,4,1,0
BRDA:82,5,0,0
BRDA:82,5,1,0
BRDA:91,6,0,0
BRDA:91,6,1,0
BRDA:106,7,0,0
BRDA:114,8,0,0
BRDA:114,8,1,0
BRDA:116,9,0,0
BRDA:126,10,0,0
BRDA:126,10,1,0
BRDA:128,11,0,0
BRDA:141,12,0,0
BRDA:141,12,1,0
BRDA:145,13,0,0
BRDA:145,13,1,0
BRDA:165,14,0,0
BRDA:165,14,1,0
BRDA:180,15,0,0
BRDA:180,15,1,0
BRDA:180,15,2,0
BRDA:218,16,0,0
BRDA:218,16,1,0
BRDA:218,16,2,0
BRDA:230,17,0,0
BRDA:230,17,1,0
BRDA:243,18,0,0
BRDA:243,18,1,0
BRDA:249,19,0,0
BRDA:249,19,1,0
BRF:36
BRH:0
end_of_record
TN:
SF:src/components/ApiPlaygroundParts/GetContestDetail.tsx
FN:5,GetContestDetail
FN:10,(anonymous_1)
FNF:2
FNH:0
FNDA:0,GetContestDetail
FNDA:0,(anonymous_1)
DA:1,0
DA:2,0
DA:3,0
DA:5,0
DA:6,0
DA:7,0
DA:8,0
DA:10,0
DA:11,0
DA:12,0
DA:13,0
DA:16,0
DA:17,0
DA:18,0
DA:21,0
DA:22,0
DA:23,0
DA:25,0
DA:26,0
DA:30,0
LF:20
LH:0
BRDA:11,0,0,0
BRDA:22,1,0,0
BRF:2
BRH:0
end_of_record
TN:
SF:src/components/ApiPlaygroundParts/GetPortfolio.tsx
FN:6,GetPortfolio
FN:12,(anonymous_1)
FNF:2
FNH:0
FNDA:0,GetPortfolio
FNDA:0,(anonymous_1)
DA:1,0
DA:2,0
DA:3,0
DA:4,0
DA:6,0
DA:7,0
DA:8,0
DA:9,0
DA:10,0
DA:12,0
DA:13,0
DA:14,0
DA:15,0
DA:17,0
DA:18,0
DA:19,0
DA:22,0
DA:23,0
DA:24,0
DA:32,0
DA:33,0
DA:34,0
DA:36,0
DA:37,0
DA:41,0
LF:25
LH:0
BRDA:13,0,0,0
BRDA:17,1,0,0
BRDA:33,2,0,0
BRDA:67,3,0,0
BRDA:67,3,1,0
BRF:5
BRH:0
end_of_record
TN:
SF:src/components/ApiPlaygroundParts/JoinContest.tsx
FN:6,JoinContest
FN:12,(anonymous_1)
FNF:2
FNH:0
FNDA:0,JoinContest
FNDA:0,(anonymous_1)
DA:1,0
DA:2,0
DA:3,0
DA:4,0
DA:6,0
DA:7,0
DA:8,0
DA:9,0
DA:10,0
DA:12,0
DA:13,0
DA:14,0
DA:15,0
DA:17,0
DA:18,0
DA:19,0
DA:22,0
DA:23,0
DA:24,0
DA:32,0
DA:33,0
DA:34,0
DA:36,0
DA:37,0
DA:41,0
LF:25
LH:0
BRDA:13,0,0,0
BRDA:17,1,0,0
BRDA:33,2,0,0
BRDA:79,3,0,0
BRDA:79,3,1,0
BRF:5
BRH:0
end_of_record
TN:
SF:src/components/ApiPlaygroundParts/JsonInput.tsx
FN:4,JsonInput
FN:7,(anonymous_1)
FN:34,(anonymous_2)
FNF:3
FNH:0
FNDA:0,JsonInput
FNDA:0,(anonymous_1)
FNDA:0,(anonymous_2)
DA:1,0
DA:4,0
DA:5,0
DA:7,0
DA:8,0
DA:9,0
DA:10,0
DA:11,0
DA:13,0
DA:15,0
DA:19,0
DA:34,0
LF:12
LH:0
BRDA:26,0,0,0
BRDA:26,0,1,0
BRDA:32,1,0,0
BRDA:32,1,1,0
BRDA:38,2,0,0
BRDA:38,2,1,0
BRF:6
BRH:0
end_of_record
TN:
SF:src/components/ApiPlaygroundParts/ResponseDisplay.tsx
FN:5,ResponseDisplay
FNF:1
FNH:0
FNDA:0,ResponseDisplay
DA:1,0
DA:2,0
DA:5,0
DA:6,0
DA:8,0
LF:5
LH:0
BRDA:6,0,0,0
BRDA:6,1,0,0
BRDA:6,1,1,0
BRDA:10,2,0,0
BRDA:10,2,1,0
BRF:5
BRH:0
end_of_record
TN:
SF:src/components/ApiPlaygroundParts/SetPortfolio.tsx
FN:18,SetPortfolio
FN:28,(anonymous_1)
FN:29,(anonymous_2)
FN:42,(anonymous_3)
FN:58,(anonymous_4)
FN:90,(anonymous_5)
FN:92,(anonymous_6)
FN:100,(anonymous_7)
FN:102,(anonymous_8)
FN:106,(anonymous_9)
FN:108,(anonymous_10)
FN:115,(anonymous_11)
FN:151,(anonymous_12)
FN:157,(anonymous_13)
FN:160,(anonymous_14)
FN:173,(anonymous_15)
FN:190,(anonymous_16)
FN:199,(anonymous_17)
FN:210,(anonymous_18)
FNF:19
FNH:0
FNDA:0,SetPortfolio
FNDA:0,(anonymous_1)
FNDA:0,(anonymous_2)
FNDA:0,(anonymous_3)
FNDA:0,(anonymous_4)
FNDA:0,(anonymous_5)
FNDA:0,(anonymous_6)
FNDA:0,(anonymous_7)
FNDA:0,(anonymous_8)
FNDA:0,(anonymous_9)
FNDA:0,(anonymous_10)
FNDA:0,(anonymous_11)
FNDA:0,(anonymous_12)
FNDA:0,(anonymous_13)
FNDA:0,(anonymous_14)
FNDA:0,(anonymous_15)
FNDA:0,(anonymous_16)
FNDA:0,(anonymous_17)
FNDA:0,(anonymous_18)
DA:1,0
DA:2,0
DA:3,0
DA:4,0
DA:18,0
DA:19,0
DA:20,0
DA:21,0
DA:22,0
DA:23,0
DA:24,0
DA:25,0
DA:28,0
DA:29,0
DA:30,0
DA:31,0
DA:32,0
DA:33,0
DA:34,0
DA:36,0
DA:39,0
DA:42,0
DA:43,0
DA:44,0
DA:45,0
DA:47,0
DA:48,0
DA:49,0
DA:51,0
DA:52,0
DA:53,0
DA:57,0
DA:58,0
DA:61,0
DA:62,0
DA:63,0
DA:66,0
DA:67,0
DA:68,0
DA:81,0
DA:82,0
DA:83,0
DA:85,0
DA:86,0
DA:90,0
DA:91,0
DA:92,0
DA:94,0
DA:95,0
DA:97,0
DA:100,0
DA:101,0
DA:102,0
DA:106,0
DA:107,0
DA:109,0
DA:114,0
DA:116,0
DA:120,0
DA:151,0
DA:158,0
DA:160,0
DA:174,0
DA:191,0
DA:199,0
DA:210,0
LF:66
LH:0
BRDA:33,0,0,0
BRDA:34,1,0,0
BRDA:34,1,1,0
BRDA:43,2,0,0
BRDA:47,3,0,0
BRDA:51,4,0,0
BRDA:61,5,0,0
BRDA:82,6,0,0
BRDA:91,7,0,0
BRDA:109,8,0,0
BRDA:109,8,1,0
BRDA:116,9,0,0
BRDA:116,9,1,0
BRDA:155,10,0,0
BRDA:155,10,1,0
BRDA:217,11,0,0
BRDA:217,11,1,0
BRDA:217,11,2,0
BRF:18
BRH:0
end_of_record
TN:
SF:src/components/ApiPlaygroundParts/StartContest.tsx
FN:16,StartContest
FN:24,(anonymous_1)
FN:28,(anonymous_2)
FN:45,(anonymous_3)
FN:94,(anonymous_4)
FN:95,(anonymous_5)
FN:102,(anonymous_6)
FN:117,(anonymous_7)
FN:162,(anonymous_8)
FN:174,(anonymous_9)
FN:254,(anonymous_10)
FN:288,(anonymous_11)
FNF:12
FNH:0
FNDA:0,StartContest
FNDA:0,(anonymous_1)
FNDA:0,(anonymous_2)
FNDA:0,(anonymous_3)
FNDA:0,(anonymous_4)
FNDA:0,(anonymous_5)
FNDA:0,(anonymous_6)
FNDA:0,(anonymous_7)
FNDA:0,(anonymous_8)
FNDA:0,(anonymous_9)
FNDA:0,(anonymous_10)
FNDA:0,(anonymous_11)
DA:1,0
DA:2,0
DA:3,0
DA:16,0
DA:17,0
DA:18,0
DA:19,0
DA:20,0
DA:21,0
DA:22,0
DA:24,0
DA:25,0
DA:28,0
DA:29,0
DA:30,0
DA:31,0
DA:34,0
DA:35,0
DA:37,0
DA:38,0
DA:39,0
DA:41,0
DA:45,0
DA:46,0
DA:48,0
DA:49,0
DA:50,0
DA:51,0
DA:60,0
DA:61,0
DA:63,0
DA:64,0
DA:65,0
DA:68,0
DA:77,0
DA:81,0
DA:82,0
DA:83,0
DA:84,0
DA:86,0
DA:87,0
DA:88,0
DA:90,0
DA:94,0
DA:95,0
DA:96,0
DA:97,0
DA:98,0
DA:99,0
DA:102,0
DA:103,0
DA:104,0
DA:108,0
DA:109,0
DA:114,0
DA:117,0
DA:118,0
DA:119,0
DA:120,0
DA:123,0
DA:124,0
DA:126,0
DA:128,0
DA:129,0
DA:130,0
DA:131,0
DA:132,0
DA:134,0
DA:135,0
DA:136,0
DA:137,0
DA:139,0
DA:143,0
DA:144,0
DA:146,0
DA:147,0
DA:148,0
DA:149,0
DA:151,0
DA:154,0
DA:162,0
DA:175,0
DA:176,0
DA:177,0
DA:178,0
DA:254,0
DA:288,0
LF:87
LH:0
BRDA:35,0,0,0
BRDA:35,0,1,0
BRDA:46,1,0,0
BRDA:61,2,0,0
BRDA:63,3,0,0
BRDA:63,3,1,0
BRDA:65,4,0,0
BRDA:65,4,1,0
BRDA:77,5,0,0
BRDA:77,5,1,0
BRDA:87,6,0,0
BRDA:87,6,1,0
BRDA:96,7,0,0
BRDA:96,7,1,0
BRDA:103,8,0,0
BRDA:103,8,1,0
BRDA:108,9,0,0
BRDA:126,10,0,0
BRDA:134,11,0,0
BRDA:134,11,1,0
BRDA:136,12,0,0
BRDA:146,13,0,0
BRDA:146,13,1,0
BRDA:148,14,0,0
BRDA:161,15,0,0
BRDA:161,15,1,0
BRDA:165,16,0,0
BRDA:165,16,1,0
BRDA:185,17,0,0
BRDA:185,17,1,0
BRDA:197,18,0,0
BRDA:197,18,1,0
BRDA:212,19,0,0
BRDA:212,19,1,0
BRDA:212,19,2,0
BRDA:241,20,0,0
BRDA:241,20,1,0
BRDA:244,21,0,0
BRDA:244,21,1,0
BRDA:262,22,0,0
BRDA:262,22,1,0
BRDA:262,22,2,0
BRDA:268,23,0,0
BRDA:268,23,1,0
BRDA:271,24,0,0
BRDA:271,24,1,0
BRDA:285,25,0,0
BRDA:285,25,1,0
BRDA:298,26,0,0
BRDA:298,26,1,0
BRDA:304,27,0,0
BRDA:304,27,1,0
BRF:52
BRH:0
end_of_record
TN:
SF:src/components/ApiPlaygroundParts/TokensList.tsx
FN:13,TokensList
FN:25,(anonymous_1)
FN:31,(anonymous_2)
FN:32,(anonymous_3)
FN:68,(anonymous_4)
FN:69,(anonymous_5)
FN:83,(anonymous_6)
FN:84,(anonymous_7)
FN:98,(anonymous_8)
FN:99,(anonymous_9)
FN:113,(anonymous_10)
FN:114,(anonymous_11)
FN:126,(anonymous_12)
FN:127,(anonymous_13)
FN:139,(anonymous_14)
FN:140,(anonymous_15)
FN:155,(anonymous_16)
FNF:17
FNH:0
FNDA:0,TokensList
FNDA:0,(anonymous_1)
FNDA:0,(anonymous_2)
FNDA:0,(anonymous_3)
FNDA:0,(anonymous_4)
FNDA:0,(anonymous_5)
FNDA:0,(anonymous_6)
FNDA:0,(anonymous_7)
FNDA:0,(anonymous_8)
FNDA:0,(anonymous_9)
FNDA:0,(anonymous_10)
FNDA:0,(anonymous_11)
FNDA:0,(anonymous_12)
FNDA:0,(anonymous_13)
FNDA:0,(anonymous_14)
FNDA:0,(anonymous_15)
FNDA:0,(anonymous_16)
DA:1,0
DA:2,0
DA:13,0
DA:14,0
DA:15,0
DA:16,0
DA:25,0
DA:26,0
DA:27,0
DA:29,0
DA:31,0
DA:32,0
DA:44,0
DA:47,0
DA:48,0
DA:49,0
DA:51,0
DA:52,0
DA:56,0
DA:69,0
DA:84,0
DA:99,0
DA:114,0
DA:127,0
DA:140,0
DA:156,0
LF:26
LH:0
BRDA:33,0,0,0
BRDA:33,0,1,0
BRDA:35,1,0,0
BRDA:35,1,1,0
BRDA:37,2,0,0
BRDA:37,2,1,0
BRDA:45,3,0,0
BRDA:45,3,1,0
BRDA:48,4,0,0
BRF:9
BRH:0
end_of_record
TN:
SF:src/components/ApiPlaygroundParts/UpdateContest.tsx
FN:18,UpdateContest
FN:36,(anonymous_1)
FN:39,(anonymous_2)
FN:40,(anonymous_3)
FN:59,(anonymous_4)
FN:119,(anonymous_5)
FN:120,(anonymous_6)
FN:133,(anonymous_7)
FN:134,(anonymous_8)
FN:147,(anonymous_9)
FN:148,(anonymous_10)
FN:161,(anonymous_11)
FN:162,(anonymous_12)
FN:175,(anonymous_13)
FN:176,(anonymous_14)
FN:189,(anonymous_15)
FN:190,(anonymous_16)
FN:203,(anonymous_17)
FN:204,(anonymous_18)
FN:220,(anonymous_19)
FN:221,(anonymous_20)
FN:235,(anonymous_21)
FN:236,(anonymous_22)
FNF:23
FNH:0
FNDA:0,UpdateContest
FNDA:0,(anonymous_1)
FNDA:0,(anonymous_2)
FNDA:0,(anonymous_3)
FNDA:0,(anonymous_4)
FNDA:0,(anonymous_5)
FNDA:0,(anonymous_6)
FNDA:0,(anonymous_7)
FNDA:0,(anonymous_8)
FNDA:0,(anonymous_9)
FNDA:0,(anonymous_10)
FNDA:0,(anonymous_11)
FNDA:0,(anonymous_12)
FNDA:0,(anonymous_13)
FNDA:0,(anonymous_14)
FNDA:0,(anonymous_15)
FNDA:0,(anonymous_16)
FNDA:0,(anonymous_17)
FNDA:0,(anonymous_18)
FNDA:0,(anonymous_19)
FNDA:0,(anonymous_20)
FNDA:0,(anonymous_21)
FNDA:0,(anonymous_22)
DA:1,0
DA:2,0
DA:3,0
DA:4,0
DA:18,0
DA:19,0
DA:20,0
DA:21,0
DA:22,0
DA:23,0
DA:36,0
DA:37,0
DA:38,0
DA:39,0
DA:41,0
DA:42,0
DA:59,0
DA:60,0
DA:61,0
DA:62,0
DA:65,0
DA:66,0
DA:67,0
DA:75,0
DA:76,0
DA:77,0
DA:78,0
DA:80,0
DA:81,0
DA:85,0
DA:120,0
DA:134,0
DA:148,0
DA:162,0
DA:176,0
DA:190,0
DA:204,0
DA:221,0
DA:236,0
LF:39
LH:0
BRDA:37,0,0,0
BRDA:41,1,0,0
BRDA:60,2,0,0
BRDA:76,3,0,0
BRDA:108,4,0,0
BRDA:108,4,1,0
BRF:6
BRH:0
end_of_record
TN:
SF:src/components/ApiPlaygroundParts/UserDetail.tsx
FN:47,(anonymous_0)
FN:54,(anonymous_1)
FN:67,(anonymous_2)
FN:74,UserDetail
FN:82,(anonymous_4)
FN:109,(anonymous_5)
FN:178,(anonymous_6)
FN:195,(anonymous_7)
FN:365,(anonymous_8)
FNF:9
FNH:0
FNDA:0,(anonymous_0)
FNDA:0,(anonymous_1)
FNDA:0,(anonymous_2)
FNDA:0,UserDetail
FNDA:0,(anonymous_4)
FNDA:0,(anonymous_5)
FNDA:0,(anonymous_6)
FNDA:0,(anonymous_7)
FNDA:0,(anonymous_8)
DA:3,0
DA:4,0
DA:5,0
DA:6,0
DA:7,0
DA:13,0
DA:47,0
DA:48,0
DA:49,0
DA:50,0
DA:54,0
DA:59,0
DA:60,0
DA:61,0
DA:62,0
DA:63,0
DA:67,0
DA:70,0
DA:71,0
DA:74,0
DA:75,0
DA:76,0
DA:77,0
DA:78,0
DA:79,0
DA:80,0
DA:82,0
DA:83,0
DA:84,0
DA:85,0
DA:88,0
DA:89,0
DA:90,0
DA:91,0
DA:98,0
DA:99,0
DA:100,0
DA:102,0
DA:103,0
DA:105,0
DA:109,0
DA:110,0
DA:111,0
DA:112,0
DA:115,0
DA:178,0
DA:195,0
DA:365,0
LF:48
LH:0
BRDA:48,0,0,0
BRDA:48,0,1,0
BRDA:49,1,0,0
BRDA:49,1,1,0
BRDA:59,2,0,0
BRDA:60,3,0,0
BRDA:61,4,0,0
BRDA:62,5,0,0
BRDA:70,6,0,0
BRDA:70,6,1,0
BRDA:83,7,0,0
BRDA:99,8,0,0
BRDA:102,9,0,0
BRDA:102,9,1,0
BRDA:130,10,0,0
BRDA:130,10,1,0
BRDA:133,11,0,0
BRDA:133,11,1,0
BRDA:145,12,0,0
BRDA:145,12,1,0
BRDA:151,13,0,0
BRDA:151,13,1,0
BRDA:158,14,0,0
BRDA:158,14,1,0
BRDA:167,15,0,0
BRDA:167,15,1,0
BRDA:172,16,0,0
BRDA:172,16,1,0
BRDA:181,17,0,0
BRDA:181,17,1,0
BRDA:198,18,0,0
BRDA:198,18,1,0
BRDA:214,19,0,0
BRDA:214,19,1,0
BRDA:238,20,0,0
BRDA:238,20,1,0
BRDA:246,21,0,0
BRDA:246,21,1,0
BRDA:262,22,0,0
BRDA:262,22,1,0
BRDA:268,23,0,0
BRDA:268,23,1,0
BRDA:283,24,0,0
BRDA:283,24,1,0
BRDA:295,25,0,0
BRDA:295,25,1,0
BRDA:302,26,0,0
BRDA:302,26,1,0
BRDA:310,27,0,0
BRDA:310,27,1,0
BRDA:316,28,0,0
BRDA:316,28,1,0
BRDA:333,29,0,0
BRDA:333,29,1,0
BRDA:339,30,0,0
BRDA:339,30,1,0
BRDA:345,31,0,0
BRDA:345,31,1,0
BRDA:362,32,0,0
BRDA:362,32,1,0
BRDA:372,33,0,0
BRDA:372,33,1,0
BRF:62
BRH:0
end_of_record
TN:
SF:src/components/ApiPlaygroundParts/WalletInput.tsx
FN:3,WalletInput
FN:14,(anonymous_1)
FNF:2
FNH:0
FNDA:0,WalletInput
FNDA:0,(anonymous_1)
DA:3,0
DA:8,0
DA:14,0
LF:3
LH:0
BRF:0
BRH:0
end_of_record
TN:
SF:src/components/ApiPlaygroundParts/index.tsx
FNF:0
FNH:0
DA:1,0
DA:2,0
DA:3,0
DA:4,0
DA:5,0
DA:6,0
DA:7,0
DA:8,0
DA:9,0
DA:10,0
DA:11,0
DA:12,0
DA:13,0
DA:14,0
DA:15,0
DA:16,0
DA:17,0
DA:18,0
LF:18
LH:0
BRF:0
BRH:0
end_of_record
TN:
SF:src/components/LogViewer/index.tsx
FN:58,(anonymous_9)
FN:74,(anonymous_10)
FN:82,(anonymous_11)
FN:104,(anonymous_12)
FN:132,(anonymous_13)
FN:143,(anonymous_14)
FN:149,(anonymous_15)
FN:155,(anonymous_16)
FN:158,(anonymous_17)
FN:163,(anonymous_18)
FN:166,(anonymous_19)
FN:179,(anonymous_20)
FN:180,(anonymous_21)
FN:192,(anonymous_22)
FN:199,(anonymous_23)
FN:208,(anonymous_24)
FN:213,(anonymous_25)
FN:221,(anonymous_26)
FN:222,(anonymous_27)
FN:228,(anonymous_28)
FN:229,(anonymous_29)
FN:245,(anonymous_30)
FN:250,(anonymous_31)
FN:253,(anonymous_32)
FN:295,(anonymous_33)
FN:315,(anonymous_34)
FN:326,(anonymous_35)
FN:338,(anonymous_36)
FN:353,(anonymous_37)
FN:356,(anonymous_38)
FN:376,(anonymous_39)
FN:381,(anonymous_40)
FN:394,(anonymous_41)
FN:412,(anonymous_42)
FNF:34
FNH:0
FNDA:0,(anonymous_9)
FNDA:0,(anonymous_10)
FNDA:0,(anonymous_11)
FNDA:0,(anonymous_12)
FNDA:0,(anonymous_13)
FNDA:0,(anonymous_14)
FNDA:0,(anonymous_15)
FNDA:0,(anonymous_16)
FNDA:0,(anonymous_17)
FNDA:0,(anonymous_18)
FNDA:0,(anonymous_19)
FNDA:0,(anonymous_20)
FNDA:0,(anonymous_21)
FNDA:0,(anonymous_22)
FNDA:0,(anonymous_23)
FNDA:0,(anonymous_24)
FNDA:0,(anonymous_25)
FNDA:0,(anonymous_26)
FNDA:0,(anonymous_27)
FNDA:0,(anonymous_28)
FNDA:0,(anonymous_29)
FNDA:0,(anonymous_30)
FNDA:0,(anonymous_31)
FNDA:0,(anonymous_32)
FNDA:0,(anonymous_33)
FNDA:0,(anonymous_34)
FNDA:0,(anonymous_35)
FNDA:0,(anonymous_36)
FNDA:0,(anonymous_37)
FNDA:0,(anonymous_38)
FNDA:0,(anonymous_39)
FNDA:0,(anonymous_40)
FNDA:0,(anonymous_41)
FNDA:0,(anonymous_42)
DA:2,0
DA:3,0
DA:4,0
DA:42,0
DA:44,0
DA:51,0
DA:58,0
DA:59,0
DA:60,0
DA:61,0
DA:62,0
DA:63,0
DA:66,0
DA:67,0
DA:68,0
DA:72,0
DA:74,0
DA:75,0
DA:76,0
DA:77,0
DA:78,0
DA:79,0
DA:82,0
DA:86,0
DA:87,0
DA:88,0
DA:89,0
DA:91,0
DA:92,0
DA:93,0
DA:96,0
DA:104,0
DA:105,0
DA:107,0
DA:110,0
DA:111,0
DA:114,0
DA:118,0
DA:125,0
DA:126,0
DA:129,0
DA:130,0
DA:132,0
DA:135,0
DA:136,0
DA:138,0
DA:139,0
DA:143,0
DA:144,0
DA:145,0
DA:149,0
DA:150,0
DA:151,0
DA:155,0
DA:156,0
DA:158,0
DA:159,0
DA:160,0
DA:163,0
DA:166,0
DA:167,0
DA:169,0
DA:171,0
DA:173,0
DA:175,0
DA:179,0
DA:180,0
DA:181,0
DA:182,0
DA:183,0
DA:185,0
DA:187,0
DA:191,0
DA:193,0
DA:197,0
DA:200,0
DA:201,0
DA:202,0
DA:203,0
DA:208,0
DA:209,0
DA:210,0
DA:213,0
DA:214,0
DA:215,0
DA:217,0
DA:221,0
DA:222,0
DA:228,0
DA:229,0
DA:235,0
DA:245,0
DA:251,0
DA:253,0
DA:296,0
DA:315,0
DA:326,0
DA:338,0
DA:354,0
DA:356,0
DA:377,0
DA:382,0
DA:395,0
DA:413,0
DA:444,0
LF:105
LH:0
BRDA:76,0,0,0
BRDA:77,1,0,0
BRDA:78,2,0,0
BRDA:89,3,0,0
BRDA:89,3,1,0
BRDA:92,4,0,0
BRDA:92,4,1,0
BRDA:110,5,0,0
BRDA:125,6,0,0
BRDA:144,7,0,0
BRDA:150,8,0,0
BRDA:150,9,0,0
BRDA:150,9,1,0
BRDA:156,10,0,0
BRDA:167,11,0,0
BRDA:167,11,1,0
BRDA:167,11,2,0
BRDA:167,11,3,0
BRDA:182,12,0,0
BRDA:182,12,1,0
BRDA:193,13,0,0
BRDA:193,13,1,0
BRDA:197,14,0,0
BRDA:197,14,1,0
BRDA:201,15,0,0
BRDA:255,16,0,0
BRDA:255,16,1,0
BRDA:257,17,0,0
BRDA:257,17,1,0
BRDA:259,18,0,0
BRDA:259,18,1,0
BRDA:261,19,0,0
BRDA:261,19,1,0
BRDA:265,20,0,0
BRDA:265,20,1,0
BRDA:267,21,0,0
BRDA:267,21,1,0
BRDA:269,22,0,0
BRDA:269,22,1,0
BRDA:305,23,0,0
BRDA:305,23,1,0
BRDA:313,24,0,0
BRDA:313,24,1,0
BRDA:328,25,0,0
BRDA:328,25,1,0
BRDA:340,26,0,0
BRDA:340,26,1,0
BRDA:358,27,0,0
BRDA:358,27,1,0
BRDA:375,28,0,0
BRDA:375,28,1,0
BRDA:375,29,0,0
BRDA:375,29,1,0
BRDA:435,30,0,0
BRDA:435,30,1,0
BRF:55
BRH:0
end_of_record
TN:
SF:src/components/admin/ActivityMonitor.tsx
FN:11,(anonymous_0)
FN:22,(anonymous_1)
FN:37,(anonymous_2)
FN:41,(anonymous_3)
FN:45,(anonymous_4)
FN:48,(anonymous_5)
FN:54,(anonymous_6)
FN:110,(anonymous_7)
FNF:8
FNH:0
FNDA:0,(anonymous_0)
FNDA:0,(anonymous_1)
FNDA:0,(anonymous_2)
FNDA:0,(anonymous_3)
FNDA:0,(anonymous_4)
FNDA:0,(anonymous_5)
FNDA:0,(anonymous_6)
FNDA:0,(anonymous_7)
DA:1,0
DA:2,0
DA:11,0
DA:16,0
DA:17,0
DA:18,0
DA:19,0
DA:20,0
DA:22,0
DA:23,0
DA:24,0
DA:25,0
DA:26,0
DA:27,0
DA:28,0
DA:30,0
DA:31,0
DA:33,0
DA:37,0
DA:38,0
DA:41,0
DA:42,0
DA:44,0
DA:45,0
DA:48,0
DA:49,0
DA:50,0
DA:54,0
DA:55,0
DA:56,0
DA:60,0
DA:61,0
DA:68,0
DA:69,0
DA:76,0
DA:111,0
LF:36
LH:0
BRDA:12,0,0,0
BRDA:13,1,0,0
BRDA:14,2,0,0
BRDA:42,3,0,0
BRDA:49,4,0,0
BRDA:55,5,0,0
BRDA:60,6,0,0
BRDA:68,7,0,0
BRDA:120,8,0,0
BRDA:120,8,1,0
BRDA:122,9,0,0
BRDA:122,9,1,0
BRDA:139,10,0,0
BRDA:139,10,1,0
BRDA:144,11,0,0
BRDA:144,11,1,0
BRDA:161,12,0,0
BRDA:161,12,1,0
BRF:18
BRH:0
end_of_record
TN:
SF:src/components/admin/AdminDashboard.tsx
FNF:0
FNH:0
DA:1,0
DA:6,0
LF:2
LH:0
BRF:0
BRH:0
end_of_record
TN:
SF:src/components/admin/BalanceManager.tsx
FN:13,(anonymous_0)
FN:20,(anonymous_1)
FN:26,(anonymous_2)
FN:92,(anonymous_3)
FNF:4
FNH:0
FNDA:0,(anonymous_0)
FNDA:0,(anonymous_1)
FNDA:0,(anonymous_2)
FNDA:0,(anonymous_3)
DA:1,0
DA:2,0
DA:3,0
DA:13,0
DA:14,0
DA:15,0
DA:16,0
DA:17,0
DA:18,0
DA:20,0
DA:21,0
DA:22,0
DA:23,0
DA:26,0
DA:27,0
DA:28,0
DA:29,0
DA:30,0
DA:33,0
DA:34,0
DA:35,0
DA:36,0
DA:39,0
DA:40,0
DA:41,0
DA:42,0
DA:46,0
DA:53,0
DA:55,0
DA:57,0
DA:61,0
DA:92,0
LF:32
LH:0
BRDA:28,0,0,0
BRDA:28,1,0,0
BRDA:28,1,1,0
BRDA:34,2,0,0
BRDA:55,3,0,0
BRDA:55,3,1,0
BRDA:78,4,0,0
BRDA:78,4,1,0
BRDA:99,5,0,0
BRDA:99,5,1,0
BRDA:105,6,0,0
BRDA:105,6,1,0
BRDA:119,7,0,0
BRDA:119,7,1,0
BRDA:122,8,0,0
BRDA:122,8,1,0
BRDA:138,9,0,0
BRDA:138,9,1,0
BRDA:138,9,2,0
BRDA:141,10,0,0
BRDA:141,10,1,0
BRF:21
BRH:0
end_of_record
TN:
SF:src/components/admin/BanUserModal.tsx
FN:16,UserBanModal
FN:27,(anonymous_1)
FN:105,(anonymous_2)
FN:114,(anonymous_3)
FNF:4
FNH:0
FNDA:0,UserBanModal
FNDA:0,(anonymous_1)
FNDA:0,(anonymous_2)
FNDA:0,(anonymous_3)
DA:1,0
DA:2,0
DA:16,0
DA:23,0
DA:24,0
DA:25,0
DA:27,0
DA:28,0
DA:29,0
DA:30,0
DA:33,0
DA:34,0
DA:35,0
DA:36,0
DA:37,0
DA:49,0
DA:51,0
DA:52,0
DA:54,0
DA:58,0
DA:62,0
DA:64,0
DA:68,0
DA:69,0
DA:70,0
DA:72,0
DA:73,0
DA:77,0
DA:81,0
DA:83,0
DA:105,0
DA:115,0
DA:116,0
DA:117,0
LF:34
LH:0
BRDA:28,0,0,0
BRDA:28,1,0,0
BRDA:28,1,1,0
BRDA:36,2,0,0
BRDA:36,2,1,0
BRDA:45,3,0,0
BRDA:45,3,1,0
BRDA:51,4,0,0
BRDA:52,5,0,0
BRDA:52,5,1,0
BRDA:52,5,2,0
BRDA:52,5,3,0
BRDA:55,6,0,0
BRDA:55,6,1,0
BRDA:64,7,0,0
BRDA:64,7,1,0
BRDA:74,8,0,0
BRDA:74,8,1,0
BRDA:81,9,0,0
BRDA:87,10,0,0
BRDA:87,10,1,0
BRDA:90,11,0,0
BRDA:90,11,1,0
BRDA:91,12,0,0
BRDA:91,12,1,0
BRDA:93,13,0,0
BRDA:93,13,1,0
BRDA:98,14,0,0
BRDA:98,14,1,0
BRDA:125,15,0,0
BRDA:125,15,1,0
BRDA:125,15,2,0
BRDA:127,16,0,0
BRDA:127,16,1,0
BRDA:132,17,0,0
BRDA:132,17,1,0
BRDA:135,18,0,0
BRDA:135,18,1,0
BRDA:137,19,0,0
BRDA:137,19,1,0
BRF:40
BRH:0
end_of_record
TN:
SF:src/components/admin/CircuitBreakerMonitor.tsx
FN:14,(anonymous_0)
FN:19,(anonymous_1)
FN:31,(anonymous_2)
FN:34,(anonymous_3)
FN:55,(anonymous_4)
FNF:5
FNH:0
FNDA:0,(anonymous_0)
FNDA:0,(anonymous_1)
FNDA:0,(anonymous_2)
FNDA:0,(anonymous_3)
FNDA:0,(anonymous_4)
DA:1,0
DA:2,0
DA:3,0
DA:14,0
DA:15,0
DA:16,0
DA:17,0
DA:19,0
DA:20,0
DA:21,0
DA:22,0
DA:23,0
DA:25,0
DA:27,0
DA:31,0
DA:32,0
DA:33,0
DA:34,0
DA:37,0
DA:38,0
DA:45,0
DA:46,0
DA:53,0
DA:56,0
LF:24
LH:0
BRDA:25,0,0,0
BRDA:25,0,1,0
BRDA:37,1,0,0
BRDA:45,2,0,0
BRDA:63,3,0,0
BRDA:63,3,1,0
BRDA:65,4,0,0
BRDA:65,4,1,0
BRDA:84,5,0,0
BRDA:84,5,1,0
BRDA:94,6,0,0
BRDA:94,6,1,0
BRF:12
BRH:0
end_of_record
TN:
SF:src/components/admin/CircuitBreakerPanel.tsx
FN:44,(anonymous_0)
FN:61,(anonymous_1)
FN:62,(anonymous_2)
FN:75,(anonymous_3)
FN:76,(anonymous_4)
FN:84,(anonymous_5)
FN:85,(anonymous_6)
FN:100,(anonymous_7)
FN:103,(anonymous_8)
FN:105,(anonymous_9)
FN:110,(anonymous_10)
FN:122,(anonymous_11)
FN:126,(anonymous_12)
FN:127,(anonymous_13)
FN:144,(anonymous_14)
FN:152,(anonymous_15)
FN:159,(anonymous_16)
FN:168,(anonymous_17)
FN:171,(anonymous_18)
FN:302,(anonymous_19)
FN:309,(anonymous_20)
FN:375,(anonymous_21)
FN:376,(anonymous_22)
FN:377,(anonymous_23)
FN:394,(anonymous_24)
FN:411,(anonymous_25)
FN:519,(anonymous_26)
FN:526,(anonymous_27)
FN:533,(anonymous_28)
FN:549,(anonymous_29)
FN:557,(anonymous_30)
FN:565,(anonymous_31)
FN:577,(anonymous_32)
FNF:33
FNH:0
FNDA:0,(anonymous_0)
FNDA:0,(anonymous_1)
FNDA:0,(anonymous_2)
FNDA:0,(anonymous_3)
FNDA:0,(anonymous_4)
FNDA:0,(anonymous_5)
FNDA:0,(anonymous_6)
FNDA:0,(anonymous_7)
FNDA:0,(anonymous_8)
FNDA:0,(anonymous_9)
FNDA:0,(anonymous_10)
FNDA:0,(anonymous_11)
FNDA:0,(anonymous_12)
FNDA:0,(anonymous_13)
FNDA:0,(anonymous_14)
FNDA:0,(anonymous_15)
FNDA:0,(anonymous_16)
FNDA:0,(anonymous_17)
FNDA:0,(anonymous_18)
FNDA:0,(anonymous_19)
FNDA:0,(anonymous_20)
FNDA:0,(anonymous_21)
FNDA:0,(anonymous_22)
FNDA:0,(anonymous_23)
FNDA:0,(anonymous_24)
FNDA:0,(anonymous_25)
FNDA:0,(anonymous_26)
FNDA:0,(anonymous_27)
FNDA:0,(anonymous_28)
FNDA:0,(anonymous_29)
FNDA:0,(anonymous_30)
FNDA:0,(anonymous_31)
FNDA:0,(anonymous_32)
DA:1,0
DA:2,0
DA:3,0
DA:44,0
DA:45,0
DA:46,0
DA:49,0
DA:50,0
DA:53,0
DA:54,0
DA:56,0
DA:57,0
DA:58,0
DA:61,0
DA:62,0
DA:63,0
DA:75,0
DA:76,0
DA:77,0
DA:78,0
DA:80,0
DA:84,0
DA:85,0
DA:86,0
DA:87,0
DA:89,0
DA:91,0
DA:95,0
DA:96,0
DA:99,0
DA:100,0
DA:101,0
DA:102,0
DA:103,0
DA:105,0
DA:107,0
DA:110,0
DA:114,0
DA:116,0
DA:120,0
DA:121,0
DA:122,0
DA:126,0
DA:127,0
DA:128,0
DA:130,0
DA:131,0
DA:140,0
DA:144,0
DA:145,0
DA:152,0
DA:153,0
DA:154,0
DA:155,0
DA:156,0
DA:159,0
DA:160,0
DA:161,0
DA:162,0
DA:163,0
DA:164,0
DA:165,0
DA:168,0
DA:169,0
DA:170,0
DA:171,0
DA:175,0
DA:177,0
DA:181,0
DA:302,0
DA:310,0
DA:376,0
DA:377,0
DA:395,0
DA:402,0
DA:407,0
DA:411,0
DA:519,0
DA:526,0
DA:533,0
DA:550,0
DA:558,0
DA:565,0
DA:578,0
DA:581,0
DA:634,0
LF:86
LH:0
BRDA:101,0,0,0
BRDA:101,0,1,0
BRDA:109,1,0,0
BRDA:109,1,1,0
BRDA:130,2,0,0
BRDA:153,3,0,0
BRDA:154,4,0,0
BRDA:155,5,0,0
BRDA:163,6,0,0
BRDA:164,7,0,0
BRDA:200,8,0,0
BRDA:200,8,1,0
BRDA:208,9,0,0
BRDA:208,9,1,0
BRDA:217,10,0,0
BRDA:217,10,1,0
BRDA:252,11,0,0
BRDA:252,11,1,0
BRDA:292,12,0,0
BRDA:292,12,1,0
BRDA:318,13,0,0
BRDA:318,13,1,0
BRDA:323,14,0,0
BRDA:323,14,1,0
BRDA:328,15,0,0
BRDA:328,15,1,0
BRDA:338,16,0,0
BRDA:338,16,1,0
BRDA:339,17,0,0
BRDA:339,17,1,0
BRDA:340,18,0,0
BRDA:340,18,1,0
BRDA:343,19,0,0
BRDA:343,19,1,0
BRDA:345,20,0,0
BRDA:345,20,1,0
BRDA:354,21,0,0
BRDA:354,21,1,0
BRDA:355,22,0,0
BRDA:355,22,1,0
BRDA:356,23,0,0
BRDA:356,23,1,0
BRDA:366,24,0,0
BRDA:366,24,1,0
BRDA:395,25,0,0
BRDA:395,25,1,0
BRDA:421,26,0,0
BRDA:421,26,1,0
BRDA:423,27,0,0
BRDA:423,27,1,0
BRDA:488,28,0,0
BRDA:488,28,1,0
BRDA:502,29,0,0
BRDA:502,29,1,0
BRDA:513,30,0,0
BRDA:513,30,1,0
BRDA:544,31,0,0
BRDA:544,31,1,0
BRDA:551,32,0,0
BRDA:551,32,1,0
BRDA:574,33,0,0
BRDA:574,33,1,0
BRDA:579,34,0,0
BRDA:579,34,1,0
BRDA:593,35,0,0
BRDA:593,35,1,0
BRF:66
BRH:0
end_of_record
TN:
SF:src/components/admin/ContestList.tsx
FN:13,(anonymous_0)
FN:21,(anonymous_1)
FN:46,(anonymous_2)
FNF:3
FNH:0
FNDA:0,(anonymous_0)
FNDA:0,(anonymous_1)
FNDA:0,(anonymous_2)
DA:3,0
DA:5,0
DA:6,0
DA:13,0
DA:17,0
DA:22,0
DA:46,0
LF:7
LH:0
BRF:0
BRH:0
end_of_record
TN:
SF:src/components/admin/ContestManagement.tsx
FN:16,(anonymous_0)
FN:34,(anonymous_1)
FN:55,(anonymous_2)
FN:63,(anonymous_3)
FNF:4
FNH:0
FNDA:0,(anonymous_0)
FNDA:0,(anonymous_1)
FNDA:0,(anonymous_2)
FNDA:0,(anonymous_3)
DA:2,0
DA:4,0
DA:5,0
DA:6,0
DA:7,0
DA:16,0
DA:22,0
DA:35,0
DA:55,0
DA:63,0
LF:10
LH:0
BRDA:43,0,0,0
BRDA:43,0,1,0
BRF:2
BRH:0
end_of_record
TN:
SF:src/components/admin/ContestMonitoring.tsx
FN:28,(anonymous_0)
FN:39,(anonymous_1)
FN:61,(anonymous_2)
FN:65,(anonymous_3)
FN:69,(anonymous_4)
FN:72,(anonymous_5)
FN:134,(anonymous_6)
FNF:7
FNH:0
FNDA:0,(anonymous_0)
FNDA:0,(anonymous_1)
FNDA:0,(anonymous_2)
FNDA:0,(anonymous_3)
FNDA:0,(anonymous_4)
FNDA:0,(anonymous_5)
FNDA:0,(anonymous_6)
DA:3,0
DA:4,0
DA:5,0
DA:28,0
DA:32,0
DA:35,0
DA:36,0
DA:37,0
DA:39,0
DA:40,0
DA:41,0
DA:42,0
DA:43,0
DA:44,0
DA:46,0
DA:47,0
DA:49,0
DA:52,0
DA:53,0
DA:54,0
DA:56,0
DA:57,0
DA:61,0
DA:62,0
DA:65,0
DA:66,0
DA:68,0
DA:69,0
DA:72,0
DA:75,0
DA:82,0
DA:85,0
DA:86,0
DA:93,0
DA:135,0
LF:35
LH:0
BRDA:29,0,0,0
BRDA:30,1,0,0
BRDA:46,2,0,0
BRDA:46,2,1,0
BRDA:46,3,0,0
BRDA:46,3,1,0
BRDA:66,4,0,0
BRDA:82,5,0,0
BRDA:82,5,1,0
BRDA:85,6,0,0
BRDA:105,7,0,0
BRDA:105,7,1,0
BRDA:112,8,0,0
BRDA:112,8,1,0
BRDA:124,9,0,0
BRDA:124,9,1,0
BRDA:128,10,0,0
BRDA:128,10,1,0
BRF:18
BRH:0
end_of_record
TN:
SF:src/components/admin/ContestPerformance.tsx
FN:24,(anonymous_0)
FN:35,(anonymous_1)
FN:57,(anonymous_2)
FN:61,(anonymous_3)
FN:65,(anonymous_4)
FN:117,(anonymous_5)
FNF:6
FNH:0
FNDA:0,(anonymous_0)
FNDA:0,(anonymous_1)
FNDA:0,(anonymous_2)
FNDA:0,(anonymous_3)
FNDA:0,(anonymous_4)
FNDA:0,(anonymous_5)
DA:1,0
DA:2,0
DA:3,0
DA:24,0
DA:28,0
DA:31,0
DA:32,0
DA:33,0
DA:35,0
DA:36,0
DA:37,0
DA:38,0
DA:39,0
DA:40,0
DA:42,0
DA:43,0
DA:45,0
DA:48,0
DA:49,0
DA:50,0
DA:52,0
DA:53,0
DA:57,0
DA:58,0
DA:61,0
DA:62,0
DA:64,0
DA:65,0
DA:68,0
DA:69,0
DA:76,0
DA:118,0
LF:32
LH:0
BRDA:25,0,0,0
BRDA:26,1,0,0
BRDA:42,2,0,0
BRDA:42,2,1,0
BRDA:42,3,0,0
BRDA:42,3,1,0
BRDA:62,4,0,0
BRDA:68,5,0,0
BRDA:88,6,0,0
BRDA:88,6,1,0
BRDA:95,7,0,0
BRDA:95,7,1,0
BRDA:107,8,0,0
BRDA:107,8,1,0
BRDA:111,9,0,0
BRDA:111,9,1,0
BRDA:134,10,0,0
BRDA:134,10,1,0
BRDA:182,11,0,0
BRDA:182,11,1,0
BRF:20
BRH:0
end_of_record
TN:
SF:src/components/admin/FaucetManager.tsx
FN:94,(anonymous_0)
FN:116,(anonymous_1)
FN:138,(anonymous_2)
FN:176,(anonymous_3)
FN:209,(anonymous_4)
FN:250,(anonymous_5)
FN:254,(anonymous_6)
FN:284,(anonymous_7)
FN:321,(anonymous_8)
FN:455,(anonymous_9)
FN:458,(anonymous_10)
FN:482,(anonymous_11)
FN:576,(anonymous_12)
FN:600,(anonymous_13)
FN:608,(anonymous_14)
FN:609,(anonymous_15)
FN:611,(anonymous_16)
FN:630,(anonymous_17)
FN:643,(anonymous_18)
FN:645,(anonymous_19)
FN:661,(anonymous_20)
FN:691,(anonymous_21)
FN:700,(anonymous_22)
FN:712,(anonymous_23)
FN:721,(anonymous_24)
FN:736,(anonymous_25)
FN:750,(anonymous_26)
FNF:27
FNH:0
FNDA:0,(anonymous_0)
FNDA:0,(anonymous_1)
FNDA:0,(anonymous_2)
FNDA:0,(anonymous_3)
FNDA:0,(anonymous_4)
FNDA:0,(anonymous_5)
FNDA:0,(anonymous_6)
FNDA:0,(anonymous_7)
FNDA:0,(anonymous_8)
FNDA:0,(anonymous_9)
FNDA:0,(anonymous_10)
FNDA:0,(anonymous_11)
FNDA:0,(anonymous_12)
FNDA:0,(anonymous_13)
FNDA:0,(anonymous_14)
FNDA:0,(anonymous_15)
FNDA:0,(anonymous_16)
FNDA:0,(anonymous_17)
FNDA:0,(anonymous_18)
FNDA:0,(anonymous_19)
FNDA:0,(anonymous_20)
FNDA:0,(anonymous_21)
FNDA:0,(anonymous_22)
FNDA:0,(anonymous_23)
FNDA:0,(anonymous_24)
FNDA:0,(anonymous_25)
FNDA:0,(anonymous_26)
DA:3,0
DA:4,0
DA:5,0
DA:94,0
DA:95,0
DA:98,0
DA:99,0
DA:100,0
DA:101,0
DA:102,0
DA:103,0
DA:106,0
DA:107,0
DA:112,0
DA:113,0
DA:114,0
DA:116,0
DA:117,0
DA:118,0
DA:119,0
DA:120,0
DA:121,0
DA:123,0
DA:124,0
DA:126,0
DA:129,0
DA:130,0
DA:131,0
DA:133,0
DA:134,0
DA:138,0
DA:139,0
DA:140,0
DA:141,0
DA:143,0
DA:148,0
DA:153,0
DA:154,0
DA:159,0
DA:160,0
DA:163,0
DA:164,0
DA:167,0
DA:168,0
DA:169,0
DA:171,0
DA:172,0
DA:176,0
DA:177,0
DA:182,0
DA:183,0
DA:186,0
DA:187,0
DA:192,0
DA:194,0
DA:195,0
DA:196,0
DA:197,0
DA:199,0
DA:201,0
DA:204,0
DA:205,0
DA:209,0
DA:210,0
DA:211,0
DA:212,0
DA:215,0
DA:216,0
DA:217,0
DA:220,0
DA:221,0
DA:222,0
DA:230,0
DA:232,0
DA:233,0
DA:236,0
DA:237,0
DA:238,0
DA:240,0
DA:243,0
DA:244,0
DA:246,0
DA:250,0
DA:251,0
DA:252,0
DA:253,0
DA:254,0
DA:257,0
DA:258,0
DA:265,0
DA:266,0
DA:273,0
DA:275,0
DA:277,0
DA:284,0
DA:322,0
DA:456,0
DA:458,0
DA:483,0
DA:576,0
DA:601,0
DA:609,0
DA:610,0
DA:611,0
DA:630,0
DA:644,0
DA:645,0
DA:649,0
DA:662,0
DA:692,0
DA:701,0
DA:713,0
DA:722,0
DA:737,0
DA:750,0
LF:115
LH:0
BRDA:123,0,0,0
BRDA:123,0,1,0
BRDA:126,1,0,0
BRDA:126,1,1,0
BRDA:153,2,0,0
BRDA:153,3,0,0
BRDA:153,3,1,0
BRDA:155,4,0,0
BRDA:155,4,1,0
BRDA:155,4,2,0
BRDA:159,5,0,0
BRDA:163,6,0,0
BRDA:177,7,0,0
BRDA:178,8,0,0
BRDA:178,8,1,0
BRDA:178,8,2,0
BRDA:194,9,0,0
BRDA:194,9,1,0
BRDA:201,10,0,0
BRDA:201,10,1,0
BRDA:205,11,0,0
BRDA:205,11,1,0
BRDA:210,12,0,0
BRDA:215,13,0,0
BRDA:232,14,0,0
BRDA:232,14,1,0
BRDA:240,15,0,0
BRDA:240,15,1,0
BRDA:257,16,0,0
BRDA:265,17,0,0
BRDA:273,18,0,0
BRDA:294,19,0,0
BRDA:294,19,1,0
BRDA:301,20,0,0
BRDA:301,20,1,0
BRDA:313,21,0,0
BRDA:313,21,1,0
BRDA:319,22,0,0
BRDA:319,22,1,0
BRDA:325,23,0,0
BRDA:325,23,1,0
BRDA:332,24,0,0
BRDA:332,24,1,0
BRDA:401,25,0,0
BRDA:401,25,1,0
BRDA:420,26,0,0
BRDA:420,26,1,0
BRDA:434,27,0,0
BRDA:434,27,1,0
BRDA:460,28,0,0
BRDA:460,28,1,0
BRDA:492,29,0,0
BRDA:492,29,1,0
BRDA:530,30,0,0
BRDA:530,30,1,0
BRDA:584,31,0,0
BRDA:584,31,1,0
BRDA:586,32,0,0
BRDA:586,32,1,0
BRDA:586,33,0,0
BRDA:586,33,1,0
BRDA:591,34,0,0
BRDA:591,34,1,0
BRDA:604,35,0,0
BRDA:604,35,1,0
BRDA:610,36,0,0
BRDA:610,36,1,0
BRDA:621,37,0,0
BRDA:621,37,1,0
BRDA:657,38,0,0
BRDA:657,38,1,0
BRDA:680,39,0,0
BRDA:680,39,1,0
BRF:73
BRH:0
end_of_record
TN:
SF:src/components/admin/LogViewer.tsx
FN:57,(anonymous_0)
FN:74,(anonymous_1)
FN:85,(anonymous_2)
FN:112,(anonymous_3)
FN:115,(anonymous_4)
FN:137,(anonymous_5)
FN:143,(anonymous_6)
FN:144,(anonymous_7)
FN:153,(anonymous_8)
FN:171,(anonymous_9)
FN:172,(anonymous_10)
FN:188,(anonymous_11)
FN:201,(anonymous_12)
FN:204,(anonymous_13)
FN:218,(anonymous_14)
FN:220,(anonymous_15)
FN:224,(anonymous_16)
FN:237,(anonymous_17)
FN:252,(anonymous_18)
FN:266,(anonymous_19)
FN:275,(anonymous_20)
FN:295,(anonymous_21)
FN:405,(anonymous_22)
FN:424,(anonymous_23)
FN:445,(anonymous_24)
FN:484,(anonymous_25)
FN:488,(anonymous_26)
FN:488,(anonymous_27)
FN:509,(anonymous_28)
FN:514,(anonymous_29)
FN:537,(anonymous_30)
FN:587,(anonymous_31)
FNF:32
FNH:0
FNDA:0,(anonymous_0)
FNDA:0,(anonymous_1)
FNDA:0,(anonymous_2)
FNDA:0,(anonymous_3)
FNDA:0,(anonymous_4)
FNDA:0,(anonymous_5)
FNDA:0,(anonymous_6)
FNDA:0,(anonymous_7)
FNDA:0,(anonymous_8)
FNDA:0,(anonymous_9)
FNDA:0,(anonymous_10)
FNDA:0,(anonymous_11)
FNDA:0,(anonymous_12)
FNDA:0,(anonymous_13)
FNDA:0,(anonymous_14)
FNDA:0,(anonymous_15)
FNDA:0,(anonymous_16)
FNDA:0,(anonymous_17)
FNDA:0,(anonymous_18)
FNDA:0,(anonymous_19)
FNDA:0,(anonymous_20)
FNDA:0,(anonymous_21)
FNDA:0,(anonymous_22)
FNDA:0,(anonymous_23)
FNDA:0,(anonymous_24)
FNDA:0,(anonymous_25)
FNDA:0,(anonymous_26)
FNDA:0,(anonymous_27)
FNDA:0,(anonymous_28)
FNDA:0,(anonymous_29)
FNDA:0,(anonymous_30)
FNDA:0,(anonymous_31)
DA:3,0
DA:4,0
DA:5,0
DA:6,0
DA:7,0
DA:38,0
DA:39,0
DA:46,0
DA:57,0
DA:58,0
DA:59,0
DA:60,0
DA:61,0
DA:62,0
DA:65,0
DA:66,0
DA:67,0
DA:68,0
DA:69,0
DA:70,0
DA:71,0
DA:74,0
DA:75,0
DA:76,0
DA:77,0
DA:78,0
DA:79,0
DA:80,0
DA:82,0
DA:85,0
DA:86,0
DA:87,0
DA:88,0
DA:96,0
DA:97,0
DA:99,0
DA:112,0
DA:113,0
DA:115,0
DA:116,0
DA:117,0
DA:118,0
DA:119,0
DA:125,0
DA:126,0
DA:127,0
DA:128,0
DA:129,0
DA:130,0
DA:133,0
DA:137,0
DA:138,0
DA:143,0
DA:144,0
DA:145,0
DA:146,0
DA:147,0
DA:148,0
DA:149,0
DA:150,0
DA:153,0
DA:154,0
DA:155,0
DA:156,0
DA:159,0
DA:163,0
DA:167,0
DA:171,0
DA:172,0
DA:174,0
DA:180,0
DA:181,0
DA:184,0
DA:188,0
DA:189,0
DA:190,0
DA:191,0
DA:192,0
DA:193,0
DA:194,0
DA:195,0
DA:196,0
DA:199,0
DA:201,0
DA:205,0
DA:208,0
DA:210,0
DA:214,0
DA:218,0
DA:219,0
DA:220,0
DA:221,0
DA:224,0
DA:225,0
DA:227,0
DA:229,0
DA:231,0
DA:233,0
DA:237,0
DA:238,0
DA:239,0
DA:240,0
DA:241,0
DA:242,0
DA:243,0
DA:244,0
DA:245,0
DA:246,0
DA:247,0
DA:248,0
DA:253,0
DA:264,0
DA:265,0
DA:268,0
DA:270,0
DA:271,0
DA:276,0
DA:292,0
DA:295,0
DA:298,0
DA:300,0
DA:301,0
DA:302,0
DA:318,0
DA:319,0
DA:320,0
DA:333,0
DA:334,0
DA:340,0
DA:341,0
DA:342,0
DA:363,0
DA:369,0
DA:373,0
DA:381,0
DA:384,0
DA:385,0
DA:392,0
DA:393,0
DA:396,0
DA:406,0
DA:425,0
DA:446,0
DA:485,0
DA:488,0
DA:509,0
DA:514,0
DA:539,0
DA:542,0
DA:544,0
DA:587,0
LF:151
LH:0
BRDA:78,0,0,0
BRDA:78,0,1,0
BRDA:89,1,0,0
BRDA:89,1,1,0
BRDA:90,2,0,0
BRDA:90,2,1,0
BRDA:91,3,0,0
BRDA:91,3,1,0
BRDA:100,4,0,0
BRDA:100,4,1,0
BRDA:103,5,0,0
BRDA:103,5,1,0
BRDA:117,6,0,0
BRDA:119,7,0,0
BRDA:119,7,1,0
BRDA:125,8,0,0
BRDA:125,8,1,0
BRDA:128,9,0,0
BRDA:154,10,0,0
BRDA:160,11,0,0
BRDA:160,11,1,0
BRDA:174,12,0,0
BRDA:174,12,1,0
BRDA:174,12,2,0
BRDA:180,13,0,0
BRDA:180,13,1,0
BRDA:181,14,0,0
BRDA:181,14,1,0
BRDA:211,15,0,0
BRDA:211,15,1,0
BRDA:225,16,0,0
BRDA:225,16,1,0
BRDA:225,16,2,0
BRDA:225,16,3,0
BRDA:237,17,0,0
BRDA:238,18,0,0
BRDA:238,18,1,0
BRDA:240,19,0,0
BRDA:240,19,1,0
BRDA:242,20,0,0
BRDA:242,20,1,0
BRDA:244,21,0,0
BRDA:244,21,1,0
BRDA:246,22,0,0
BRDA:246,22,1,0
BRDA:247,23,0,0
BRDA:255,24,0,0
BRDA:255,24,1,0
BRDA:264,25,0,0
BRDA:270,26,0,0
BRDA:281,27,0,0
BRDA:281,27,1,0
BRDA:298,28,0,0
BRDA:298,28,1,0
BRDA:300,29,0,0
BRDA:301,30,0,0
BRDA:301,30,1,0
BRDA:318,31,0,0
BRDA:319,32,0,0
BRDA:319,32,1,0
BRDA:333,33,0,0
BRDA:336,34,0,0
BRDA:336,34,1,0
BRDA:340,35,0,0
BRDA:341,36,0,0
BRDA:341,36,1,0
BRDA:363,37,0,0
BRDA:364,38,0,0
BRDA:364,38,1,0
BRDA:364,38,2,0
BRDA:364,38,3,0
BRDA:369,39,0,0
BRDA:369,39,1,0
BRDA:375,40,0,0
BRDA:375,40,1,0
BRDA:384,41,0,0
BRDA:384,42,0,0
BRDA:384,42,1,0
BRDA:392,43,0,0
BRDA:392,44,0,0
BRDA:392,44,1,0
BRDA:409,45,0,0
BRDA:409,45,1,0
BRDA:429,46,0,0
BRDA:429,46,1,0
BRDA:429,47,0,0
BRDA:429,47,1,0
BRDA:432,48,0,0
BRDA:432,48,1,0
BRDA:438,49,0,0
BRDA:438,49,1,0
BRDA:450,50,0,0
BRDA:450,50,1,0
BRDA:450,51,0,0
BRDA:450,51,1,0
BRDA:453,52,0,0
BRDA:453,52,1,0
BRDA:459,53,0,0
BRDA:459,53,1,0
BRDA:476,54,0,0
BRDA:476,54,1,0
BRDA:478,55,0,0
BRDA:478,55,1,0
BRDA:482,56,0,0
BRDA:482,56,1,0
BRDA:482,56,2,0
BRDA:485,57,0,0
BRDA:485,57,1,0
BRDA:491,58,0,0
BRDA:491,58,1,0
BRDA:503,59,0,0
BRDA:503,59,1,0
BRDA:527,60,0,0
BRDA:527,60,1,0
BRDA:527,61,0,0
BRDA:527,61,1,0
BRDA:531,62,0,0
BRDA:531,62,1,0
BRDA:531,63,0,0
BRDA:531,63,1,0
BRDA:533,64,0,0
BRDA:533,64,1,0
BRDA:539,65,0,0
BRDA:539,65,1,0
BRDA:548,66,0,0
BRDA:548,66,1,0
BRDA:567,67,0,0
BRDA:567,67,1,0
BRDA:574,68,0,0
BRDA:574,68,1,0
BRDA:577,69,0,0
BRDA:577,69,1,0
BRDA:577,69,2,0
BRDA:577,69,3,0
BRDA:580,70,0,0
BRDA:580,70,1,0
BRDA:599,71,0,0
BRDA:599,71,1,0
BRDA:606,72,0,0
BRDA:606,72,1,0
BRF:140
BRH:0
end_of_record
TN:
SF:src/components/admin/PlatformStats.tsx
FN:16,(anonymous_0)
FNF:1
FNH:0
FNDA:0,(anonymous_0)
DA:1,0
DA:3,0
DA:4,0
DA:16,0
DA:25,0
LF:5
LH:0
BRDA:39,0,0,0
BRDA:39,0,1,0
BRDA:42,1,0,0
BRDA:42,1,1,0
BRDA:65,2,0,0
BRDA:65,2,1,0
BRDA:68,3,0,0
BRDA:68,3,1,0
BRF:8
BRH:0
end_of_record
TN:
SF:src/components/admin/PortfolioTrades.tsx
FN:31,(anonymous_0)
FN:41,(anonymous_1)
FN:73,(anonymous_2)
FN:77,(anonymous_3)
FN:81,(anonymous_4)
FN:84,(anonymous_5)
FN:212,(anonymous_6)
FNF:7
FNH:0
FNDA:0,(anonymous_0)
FNDA:0,(anonymous_1)
FNDA:0,(anonymous_2)
FNDA:0,(anonymous_3)
FNDA:0,(anonymous_4)
FNDA:0,(anonymous_5)
FNDA:0,(anonymous_6)
DA:1,0
DA:2,0
DA:3,0
DA:31,0
DA:35,0
DA:36,0
DA:37,0
DA:38,0
DA:39,0
DA:41,0
DA:42,0
DA:43,0
DA:44,0
DA:46,0
DA:51,0
DA:56,0
DA:57,0
DA:60,0
DA:61,0
DA:64,0
DA:65,0
DA:66,0
DA:68,0
DA:69,0
DA:73,0
DA:74,0
DA:77,0
DA:78,0
DA:80,0
DA:81,0
DA:84,0
DA:85,0
DA:90,0
DA:93,0
DA:94,0
DA:101,0
DA:213,0
LF:37
LH:0
BRDA:32,0,0,0
BRDA:33,1,0,0
BRDA:56,2,0,0
BRDA:56,3,0,0
BRDA:56,3,1,0
BRDA:60,4,0,0
BRDA:60,5,0,0
BRDA:60,5,1,0
BRDA:78,6,0,0
BRDA:93,7,0,0
BRDA:113,8,0,0
BRDA:113,8,1,0
BRDA:120,9,0,0
BRDA:120,9,1,0
BRDA:132,10,0,0
BRDA:132,10,1,0
BRDA:136,11,0,0
BRDA:136,11,1,0
BRDA:143,12,0,0
BRDA:143,12,1,0
BRDA:233,13,0,0
BRDA:233,13,1,0
BRF:22
BRH:0
end_of_record
TN:
SF:src/components/admin/RecentActivity.tsx
FN:17,(anonymous_0)
FN:20,(anonymous_1)
FN:29,(anonymous_2)
FN:49,(anonymous_3)
FNF:4
FNH:0
FNDA:0,(anonymous_0)
FNDA:0,(anonymous_1)
FNDA:0,(anonymous_2)
FNDA:0,(anonymous_3)
DA:1,0
DA:3,0
DA:17,0
DA:20,0
DA:21,0
DA:22,0
DA:24,0
DA:25,0
DA:29,0
DA:30,0
DA:32,0
DA:34,0
DA:36,0
DA:38,0
DA:42,0
DA:50,0
LF:16
LH:0
BRDA:30,0,0,0
BRDA:30,0,1,0
BRDA:30,0,2,0
BRDA:30,0,3,0
BRDA:67,1,0,0
BRDA:67,1,1,0
BRF:6
BRH:0
end_of_record
TN:
SF:src/components/admin/ServiceSwitch.tsx
FN:54,(anonymous_1)
FN:56,(anonymous_2)
FN:71,(anonymous_3)
FN:81,(anonymous_4)
FNF:4
FNH:0
FNDA:0,(anonymous_1)
FNDA:0,(anonymous_2)
FNDA:0,(anonymous_3)
FNDA:0,(anonymous_4)
DA:3,0
DA:5,0
DA:18,0
DA:27,0
DA:36,0
DA:49,0
DA:55,0
DA:57,0
DA:62,0
DA:71,0
DA:77,0
DA:79,0
DA:81,0
LF:13
LH:0
BRDA:55,0,0,0
BRDA:55,0,1,0
BRDA:57,1,0,0
BRDA:57,1,1,0
BRDA:81,2,0,0
BRDA:81,2,1,0
BRDA:85,3,0,0
BRDA:85,3,1,0
BRDA:86,4,0,0
BRDA:86,4,1,0
BRF:10
BRH:0
end_of_record
TN:
SF:src/components/admin/SpyPanel.tsx
FN:23,(anonymous_0)
FN:36,(anonymous_1)
FN:37,(anonymous_2)
FN:47,(anonymous_3)
FN:60,(anonymous_4)
FN:65,(anonymous_5)
FN:72,(anonymous_6)
FN:77,(anonymous_7)
FN:81,(anonymous_8)
FN:100,(anonymous_9)
FN:107,(anonymous_10)
FN:147,(anonymous_11)
FN:166,(anonymous_12)
FN:179,(anonymous_13)
FN:198,(anonymous_14)
FN:204,(anonymous_15)
FN:210,(anonymous_16)
FNF:17
FNH:0
FNDA:0,(anonymous_0)
FNDA:0,(anonymous_1)
FNDA:0,(anonymous_2)
FNDA:0,(anonymous_3)
FNDA:0,(anonymous_4)
FNDA:0,(anonymous_5)
FNDA:0,(anonymous_6)
FNDA:0,(anonymous_7)
FNDA:0,(anonymous_8)
FNDA:0,(anonymous_9)
FNDA:0,(anonymous_10)
FNDA:0,(anonymous_11)
FNDA:0,(anonymous_12)
FNDA:0,(anonymous_13)
FNDA:0,(anonymous_14)
FNDA:0,(anonymous_15)
FNDA:0,(anonymous_16)
DA:1,0
DA:2,0
DA:3,0
DA:23,0
DA:24,0
DA:25,0
DA:28,0
DA:30,0
DA:31,0
DA:32,0
DA:34,0
DA:36,0
DA:37,0
DA:38,0
DA:39,0
DA:40,0
DA:43,0
DA:46,0
DA:47,0
DA:48,0
DA:50,0
DA:52,0
DA:53,0
DA:54,0
DA:57,0
DA:58,0
DA:60,0
DA:61,0
DA:62,0
DA:65,0
DA:66,0
DA:67,0
DA:69,0
DA:72,0
DA:73,0
DA:74,0
DA:77,0
DA:78,0
DA:79,0
DA:80,0
DA:81,0
DA:82,0
DA:83,0
DA:84,0
DA:86,0
DA:87,0
DA:91,0
DA:95,0
DA:98,0
DA:100,0
DA:101,0
DA:102,0
DA:107,0
DA:108,0
DA:109,0
DA:110,0
DA:113,0
DA:119,0
DA:120,0
DA:123,0
DA:148,0
DA:166,0
DA:179,0
DA:199,0
DA:205,0
DA:211,0
LF:66
LH:0
BRDA:38,0,0,0
BRDA:50,1,0,0
BRDA:50,1,1,0
BRDA:52,2,0,0
BRDA:80,3,0,0
BRDA:83,4,0,0
BRDA:101,5,0,0
BRDA:108,6,0,0
BRDA:108,7,0,0
BRDA:108,7,1,0
BRDA:115,8,0,0
BRDA:115,8,1,0
BRDA:116,9,0,0
BRDA:116,9,1,0
BRDA:129,10,0,0
BRDA:129,10,1,0
BRDA:131,11,0,0
BRDA:131,11,1,0
BRF:18
BRH:0
end_of_record
TN:
SF:src/components/admin/UserBalanceManagement.tsx
FN:10,(anonymous_0)
FN:22,(anonymous_1)
FN:24,(anonymous_2)
FN:31,(anonymous_3)
FN:37,(anonymous_4)
FN:40,(anonymous_5)
FN:55,(anonymous_6)
FN:110,(anonymous_7)
FN:119,(anonymous_8)
FN:124,(anonymous_9)
FN:148,(anonymous_10)
FNF:11
FNH:0
FNDA:0,(anonymous_0)
FNDA:0,(anonymous_1)
FNDA:0,(anonymous_2)
FNDA:0,(anonymous_3)
FNDA:0,(anonymous_4)
FNDA:0,(anonymous_5)
FNDA:0,(anonymous_6)
FNDA:0,(anonymous_7)
FNDA:0,(anonymous_8)
FNDA:0,(anonymous_9)
FNDA:0,(anonymous_10)
DA:1,0
DA:2,0
DA:4,0
DA:10,0
DA:13,0
DA:14,0
DA:15,0
DA:16,0
DA:17,0
DA:18,0
DA:19,0
DA:22,0
DA:23,0
DA:24,0
DA:25,0
DA:26,0
DA:27,0
DA:31,0
DA:32,0
DA:37,0
DA:38,0
DA:39,0
DA:40,0
DA:42,0
DA:43,0
DA:44,0
DA:45,0
DA:46,0
DA:47,0
DA:50,0
DA:51,0
DA:55,0
DA:56,0
DA:57,0
DA:58,0
DA:59,0
DA:61,0
DA:62,0
DA:63,0
DA:66,0
DA:67,0
DA:68,0
DA:71,0
DA:74,0
DA:75,0
DA:76,0
DA:77,0
DA:79,0
DA:84,0
DA:86,0
DA:88,0
DA:93,0
DA:100,0
DA:101,0
DA:103,0
DA:110,0
DA:119,0
DA:125,0
DA:148,0
LF:59
LH:0
BRDA:11,0,0,0
BRDA:23,1,0,0
BRDA:23,1,1,0
BRDA:25,2,0,0
BRDA:25,2,1,0
BRDA:26,3,0,0
BRDA:26,3,1,0
BRDA:43,4,0,0
BRDA:45,5,0,0
BRDA:45,5,1,0
BRDA:62,6,0,0
BRDA:62,7,0,0
BRDA:62,7,1,0
BRDA:67,8,0,0
BRDA:75,9,0,0
BRDA:75,9,1,0
BRDA:86,10,0,0
BRDA:86,10,1,0
BRDA:123,11,0,0
BRDA:123,11,1,0
BRDA:126,12,0,0
BRDA:126,12,1,0
BRDA:134,13,0,0
BRDA:134,13,1,0
BRDA:155,14,0,0
BRDA:155,14,1,0
BRDA:161,15,0,0
BRDA:161,15,1,0
BRDA:173,16,0,0
BRDA:173,16,1,0
BRF:30
BRH:0
end_of_record
TN:
SF:src/components/admin/UserSearch.tsx
FN:12,(anonymous_0)
FN:25,(anonymous_1)
FN:26,(anonymous_2)
FN:54,(anonymous_3)
FN:55,(anonymous_4)
FN:65,(anonymous_5)
FN:68,(anonymous_6)
FN:80,(anonymous_7)
FN:85,(anonymous_8)
FN:100,(anonymous_9)
FN:103,(anonymous_10)
FNF:11
FNH:0
FNDA:0,(anonymous_0)
FNDA:0,(anonymous_1)
FNDA:0,(anonymous_2)
FNDA:0,(anonymous_3)
FNDA:0,(anonymous_4)
FNDA:0,(anonymous_5)
FNDA:0,(anonymous_6)
FNDA:0,(anonymous_7)
FNDA:0,(anonymous_8)
FNDA:0,(anonymous_9)
FNDA:0,(anonymous_10)
DA:1,0
DA:2,0
DA:4,0
DA:12,0
DA:17,0
DA:18,0
DA:19,0
DA:20,0
DA:21,0
DA:22,0
DA:23,0
DA:25,0
DA:26,0
DA:27,0
DA:28,0
DA:29,0
DA:30,0
DA:33,0
DA:34,0
DA:35,0
DA:36,0
DA:37,0
DA:39,0
DA:40,0
DA:45,0
DA:47,0
DA:51,0
DA:54,0
DA:55,0
DA:56,0
DA:60,0
DA:64,0
DA:65,0
DA:68,0
DA:69,0
DA:70,0
DA:71,0
DA:74,0
DA:81,0
DA:82,0
DA:83,0
DA:85,0
DA:101,0
DA:103,0
LF:44
LH:0
BRDA:14,0,0,0
BRDA:15,1,0,0
BRDA:27,2,0,0
BRDA:41,3,0,0
BRDA:41,3,1,0
BRDA:56,4,0,0
BRDA:57,5,0,0
BRDA:57,5,1,0
BRDA:92,6,0,0
BRDA:92,6,1,0
BRDA:92,6,2,0
BRDA:92,6,3,0
BRDA:94,7,0,0
BRDA:94,7,1,0
BRDA:96,8,0,0
BRDA:96,8,1,0
BRDA:98,9,0,0
BRDA:98,9,1,0
BRDA:109,10,0,0
BRDA:109,10,1,0
BRDA:110,11,0,0
BRDA:110,11,1,0
BRDA:124,12,0,0
BRDA:124,12,1,0
BRDA:140,13,0,0
BRDA:140,13,1,0
BRDA:148,14,0,0
BRDA:148,14,1,0
BRF:28
BRH:0
end_of_record
TN:
SF:src/components/admin/VanityPool.tsx
FN:34,(anonymous_0)
FN:50,(anonymous_1)
FN:75,(anonymous_2)
FN:93,(anonymous_3)
FN:128,(anonymous_4)
FN:150,(anonymous_5)
FN:151,(anonymous_6)
FN:157,(anonymous_7)
FN:160,(anonymous_8)
FN:163,(anonymous_9)
FN:222,(anonymous_10)
FN:246,(anonymous_11)
FN:258,(anonymous_12)
FN:276,(anonymous_13)
FN:289,(anonymous_14)
FN:326,(anonymous_15)
FNF:16
FNH:0
FNDA:0,(anonymous_0)
FNDA:0,(anonymous_1)
FNDA:0,(anonymous_2)
FNDA:0,(anonymous_3)
FNDA:0,(anonymous_4)
FNDA:0,(anonymous_5)
FNDA:0,(anonymous_6)
FNDA:0,(anonymous_7)
FNDA:0,(anonymous_8)
FNDA:0,(anonymous_9)
FNDA:0,(anonymous_10)
FNDA:0,(anonymous_11)
FNDA:0,(anonymous_12)
FNDA:0,(anonymous_13)
FNDA:0,(anonymous_14)
FNDA:0,(anonymous_15)
DA:1,0
DA:2,0
DA:3,0
DA:34,0
DA:35,0
DA:36,0
DA:37,0
DA:40,0
DA:41,0
DA:42,0
DA:43,0
DA:44,0
DA:45,0
DA:48,0
DA:50,0
DA:51,0
DA:53,0
DA:54,0
DA:59,0
DA:61,0
DA:62,0
DA:63,0
DA:65,0
DA:66,0
DA:69,0
DA:70,0
DA:71,0
DA:75,0
DA:76,0
DA:77,0
DA:80,0
DA:82,0
DA:83,0
DA:85,0
DA:88,0
DA:93,0
DA:94,0
DA:95,0
DA:96,0
DA:100,0
DA:101,0
DA:102,0
DA:104,0
DA:105,0
DA:109,0
DA:110,0
DA:111,0
DA:113,0
DA:124,0
DA:126,0
DA:127,0
DA:128,0
DA:130,0
DA:131,0
DA:132,0
DA:134,0
DA:137,0
DA:138,0
DA:141,0
DA:143,0
DA:148,0
DA:150,0
DA:151,0
DA:152,0
DA:153,0
DA:155,0
DA:156,0
DA:157,0
DA:160,0
DA:161,0
DA:162,0
DA:163,0
DA:166,0
DA:170,0
DA:171,0
DA:178,0
DA:222,0
DA:246,0
DA:259,0
DA:276,0
DA:289,0
DA:327,0
LF:82
LH:0
BRDA:51,0,0,0
BRDA:61,1,0,0
BRDA:61,1,1,0
BRDA:65,2,0,0
BRDA:65,2,1,0
BRDA:82,3,0,0
BRDA:82,3,1,0
BRDA:94,4,0,0
BRDA:94,5,0,0
BRDA:94,5,1,0
BRDA:100,6,0,0
BRDA:120,7,0,0
BRDA:120,7,1,0
BRDA:126,8,0,0
BRDA:126,8,1,0
BRDA:134,9,0,0
BRDA:134,9,1,0
BRDA:139,10,0,0
BRDA:139,10,1,0
BRDA:141,11,0,0
BRDA:141,11,1,0
BRDA:161,12,0,0
BRDA:161,12,1,0
BRDA:170,13,0,0
BRDA:183,14,0,0
BRDA:183,14,1,0
BRDA:188,15,0,0
BRDA:188,15,1,0
BRDA:196,16,0,0
BRDA:196,16,1,0
BRDA:211,17,0,0
BRDA:211,17,1,0
BRDA:226,18,0,0
BRDA:226,18,1,0
BRDA:229,19,0,0
BRDA:229,19,1,0
BRDA:233,20,0,0
BRDA:233,20,1,0
BRDA:300,21,0,0
BRDA:300,21,1,0
BRDA:300,21,2,0
BRDA:300,21,3,0
BRDA:306,22,0,0
BRDA:306,22,1,0
BRDA:306,23,0,0
BRDA:306,23,1,0
BRDA:306,23,2,0
BRDA:306,23,3,0
BRDA:314,24,0,0
BRDA:314,24,1,0
BRDA:348,25,0,0
BRDA:348,25,1,0
BRF:52
BRH:0
end_of_record
TN:
SF:src/components/admin/VanityWalletPool.tsx
FN:27,(anonymous_0)
FN:38,(anonymous_1)
FN:77,(anonymous_2)
FN:81,(anonymous_3)
FN:85,(anonymous_4)
FN:170,(anonymous_5)
FN:199,(anonymous_6)
FNF:7
FNH:0
FNDA:0,(anonymous_0)
FNDA:0,(anonymous_1)
FNDA:0,(anonymous_2)
FNDA:0,(anonymous_3)
FNDA:0,(anonymous_4)
FNDA:0,(anonymous_5)
FNDA:0,(anonymous_6)
DA:1,0
DA:2,0
DA:3,0
DA:27,0
DA:31,0
DA:32,0
DA:33,0
DA:34,0
DA:35,0
DA:36,0
DA:38,0
DA:39,0
DA:40,0
DA:41,0
DA:44,0
DA:50,0
DA:56,0
DA:57,0
DA:60,0
DA:61,0
DA:64,0
DA:65,0
DA:68,0
DA:69,0
DA:70,0
DA:72,0
DA:73,0
DA:77,0
DA:78,0
DA:81,0
DA:82,0
DA:84,0
DA:85,0
DA:88,0
DA:89,0
DA:96,0
DA:171,0
DA:200,0
LF:38
LH:0
BRDA:28,0,0,0
BRDA:29,1,0,0
BRDA:56,2,0,0
BRDA:56,3,0,0
BRDA:56,3,1,0
BRDA:60,4,0,0
BRDA:60,5,0,0
BRDA:60,5,1,0
BRDA:64,6,0,0
BRDA:64,7,0,0
BRDA:64,7,1,0
BRDA:82,8,0,0
BRDA:88,9,0,0
BRDA:108,10,0,0
BRDA:108,10,1,0
BRDA:115,11,0,0
BRDA:115,11,1,0
BRDA:127,12,0,0
BRDA:127,12,1,0
BRDA:131,13,0,0
BRDA:131,13,1,0
BRDA:138,14,0,0
BRDA:138,14,1,0
BRDA:166,15,0,0
BRDA:166,15,1,0
BRDA:174,16,0,0
BRDA:174,16,1,0
BRDA:182,17,0,0
BRDA:182,17,1,0
BRDA:193,18,0,0
BRDA:193,18,1,0
BRF:31
BRH:0
end_of_record
TN:
SF:src/components/admin/WalletGenerator.tsx
FN:43,(anonymous_0)
FN:61,(anonymous_1)
FN:92,(anonymous_2)
FN:127,(anonymous_3)
FN:150,(anonymous_4)
FN:156,(anonymous_5)
FN:179,(anonymous_6)
FN:200,(anonymous_7)
FN:203,(anonymous_8)
FN:223,(anonymous_9)
FN:288,(anonymous_10)
FN:300,(anonymous_11)
FN:312,(anonymous_12)
FN:417,(anonymous_13)
FN:419,(anonymous_14)
FN:434,(anonymous_15)
FN:440,(anonymous_16)
FN:445,(anonymous_17)
FN:481,(anonymous_18)
FN:510,(anonymous_19)
FN:523,(anonymous_20)
FN:536,(anonymous_21)
FN:545,(anonymous_22)
FNF:23
FNH:0
FNDA:0,(anonymous_0)
FNDA:0,(anonymous_1)
FNDA:0,(anonymous_2)
FNDA:0,(anonymous_3)
FNDA:0,(anonymous_4)
FNDA:0,(anonymous_5)
FNDA:0,(anonymous_6)
FNDA:0,(anonymous_7)
FNDA:0,(anonymous_8)
FNDA:0,(anonymous_9)
FNDA:0,(anonymous_10)
FNDA:0,(anonymous_11)
FNDA:0,(anonymous_12)
FNDA:0,(anonymous_13)
FNDA:0,(anonymous_14)
FNDA:0,(anonymous_15)
FNDA:0,(anonymous_16)
FNDA:0,(anonymous_17)
FNDA:0,(anonymous_18)
FNDA:0,(anonymous_19)
FNDA:0,(anonymous_20)
FNDA:0,(anonymous_21)
FNDA:0,(anonymous_22)
DA:1,0
DA:2,0
DA:3,0
DA:43,0
DA:44,0
DA:45,0
DA:46,0
DA:47,0
DA:48,0
DA:49,0
DA:50,0
DA:51,0
DA:52,0
DA:53,0
DA:57,0
DA:58,0
DA:59,0
DA:61,0
DA:62,0
DA:63,0
DA:64,0
DA:67,0
DA:73,0
DA:79,0
DA:80,0
DA:81,0
DA:83,0
DA:84,0
DA:85,0
DA:87,0
DA:88,0
DA:92,0
DA:93,0
DA:94,0
DA:95,0
DA:98,0
DA:99,0
DA:110,0
DA:112,0
DA:113,0
DA:114,0
DA:115,0
DA:116,0
DA:117,0
DA:119,0
DA:122,0
DA:123,0
DA:127,0
DA:128,0
DA:129,0
DA:134,0
DA:136,0
DA:137,0
DA:138,0
DA:139,0
DA:140,0
DA:142,0
DA:145,0
DA:146,0
DA:150,0
DA:151,0
DA:152,0
DA:154,0
DA:156,0
DA:158,0
DA:163,0
DA:165,0
DA:166,0
DA:167,0
DA:169,0
DA:172,0
DA:173,0
DA:175,0
DA:179,0
DA:180,0
DA:181,0
DA:186,0
DA:188,0
DA:189,0
DA:190,0
DA:192,0
DA:195,0
DA:196,0
DA:200,0
DA:201,0
DA:202,0
DA:203,0
DA:206,0
DA:207,0
DA:214,0
DA:223,0
DA:288,0
DA:300,0
DA:312,0
DA:418,0
DA:419,0
DA:435,0
DA:441,0
DA:445,0
DA:481,0
DA:511,0
DA:524,0
DA:537,0
DA:545,0
LF:104
LH:0
BRDA:79,0,0,0
BRDA:80,1,0,0
BRDA:81,2,0,0
BRDA:93,3,0,0
BRDA:103,4,0,0
BRDA:103,4,1,0
BRDA:104,5,0,0
BRDA:104,5,1,0
BRDA:112,6,0,0
BRDA:112,6,1,0
BRDA:119,7,0,0
BRDA:119,7,1,0
BRDA:136,8,0,0
BRDA:136,8,1,0
BRDA:142,9,0,0
BRDA:142,9,1,0
BRDA:154,10,0,0
BRDA:154,10,1,0
BRDA:165,11,0,0
BRDA:165,11,1,0
BRDA:169,12,0,0
BRDA:169,12,1,0
BRDA:188,13,0,0
BRDA:188,13,1,0
BRDA:192,14,0,0
BRDA:192,14,1,0
BRDA:206,15,0,0
BRDA:232,16,0,0
BRDA:232,16,1,0
BRDA:237,17,0,0
BRDA:237,17,1,0
BRDA:244,18,0,0
BRDA:244,18,1,0
BRDA:251,19,0,0
BRDA:251,19,1,0
BRDA:263,20,0,0
BRDA:263,20,1,0
BRDA:268,21,0,0
BRDA:268,21,1,0
BRDA:327,22,0,0
BRDA:327,22,1,0
BRDA:371,23,0,0
BRDA:371,23,1,0
BRDA:419,24,0,0
BRDA:419,24,1,0
BRDA:442,25,0,0
BRDA:442,25,1,0
BRDA:453,26,0,0
BRDA:453,26,1,0
BRDA:458,27,0,0
BRDA:458,27,1,0
BRDA:463,28,0,0
BRDA:463,28,1,0
BRDA:467,29,0,0
BRDA:467,29,1,0
BRDA:470,30,0,0
BRDA:470,30,1,0
BRDA:475,31,0,0
BRDA:475,31,1,0
BRDA:496,32,0,0
BRDA:496,32,1,0
BRF:61
BRH:0
end_of_record
TN:
SF:src/components/admin/WalletManagement.tsx
FN:36,(anonymous_0)
FN:54,(anonymous_1)
FN:87,(anonymous_2)
FN:120,(anonymous_3)
FN:143,(anonymous_4)
FN:147,(anonymous_5)
FN:151,(anonymous_6)
FN:155,(anonymous_7)
FN:168,(anonymous_8)
FN:168,(anonymous_9)
FN:183,(anonymous_10)
FN:183,(anonymous_11)
FN:195,(anonymous_12)
FN:195,(anonymous_13)
FN:212,(anonymous_14)
FN:212,(anonymous_15)
FN:224,(anonymous_16)
FN:290,(anonymous_17)
FN:331,(anonymous_18)
FN:348,(anonymous_19)
FN:371,(anonymous_20)
FNF:21
FNH:0
FNDA:0,(anonymous_0)
FNDA:0,(anonymous_1)
FNDA:0,(anonymous_2)
FNDA:0,(anonymous_3)
FNDA:0,(anonymous_4)
FNDA:0,(anonymous_5)
FNDA:0,(anonymous_6)
FNDA:0,(anonymous_7)
FNDA:0,(anonymous_8)
FNDA:0,(anonymous_9)
FNDA:0,(anonymous_10)
FNDA:0,(anonymous_11)
FNDA:0,(anonymous_12)
FNDA:0,(anonymous_13)
FNDA:0,(anonymous_14)
FNDA:0,(anonymous_15)
FNDA:0,(anonymous_16)
FNDA:0,(anonymous_17)
FNDA:0,(anonymous_18)
FNDA:0,(anonymous_19)
FNDA:0,(anonymous_20)
DA:1,0
DA:2,0
DA:36,0
DA:40,0
DA:41,0
DA:42,0
DA:43,0
DA:44,0
DA:45,0
DA:46,0
DA:47,0
DA:54,0
DA:55,0
DA:56,0
DA:57,0
DA:60,0
DA:66,0
DA:72,0
DA:73,0
DA:74,0
DA:78,0
DA:79,0
DA:80,0
DA:82,0
DA:83,0
DA:87,0
DA:88,0
DA:89,0
DA:90,0
DA:92,0
DA:103,0
DA:105,0
DA:106,0
DA:107,0
DA:108,0
DA:110,0
DA:113,0
DA:114,0
DA:116,0
DA:120,0
DA:121,0
DA:122,0
DA:130,0
DA:132,0
DA:133,0
DA:134,0
DA:136,0
DA:139,0
DA:143,0
DA:144,0
DA:147,0
DA:148,0
DA:150,0
DA:151,0
DA:155,0
DA:156,0
DA:168,0
DA:183,0
DA:195,0
DA:212,0
DA:224,0
DA:250,0
DA:251,0
DA:258,0
DA:290,0
DA:332,0
DA:348,0
DA:372,0
LF:68
LH:0
BRDA:37,0,0,0
BRDA:38,1,0,0
BRDA:72,2,0,0
BRDA:73,3,0,0
BRDA:74,4,0,0
BRDA:105,5,0,0
BRDA:105,5,1,0
BRDA:110,6,0,0
BRDA:110,6,1,0
BRDA:113,7,0,0
BRDA:113,7,1,0
BRDA:132,8,0,0
BRDA:132,8,1,0
BRDA:136,9,0,0
BRDA:136,9,1,0
BRDA:148,10,0,0
BRDA:170,11,0,0
BRDA:170,11,1,0
BRDA:185,12,0,0
BRDA:185,12,1,0
BRDA:233,13,0,0
BRDA:233,13,1,0
BRDA:236,14,0,0
BRDA:236,14,1,0
BRDA:250,15,0,0
BRDA:270,16,0,0
BRDA:270,16,1,0
BRDA:274,17,0,0
BRDA:274,17,1,0
BRDA:286,18,0,0
BRDA:286,18,1,0
BRDA:302,19,0,0
BRDA:302,19,1,0
BRDA:325,20,0,0
BRDA:325,20,1,0
BRDA:350,21,0,0
BRDA:350,21,1,0
BRDA:367,22,0,0
BRDA:367,22,1,0
BRDA:394,23,0,0
BRDA:394,23,1,0
BRF:41
BRH:0
end_of_record
TN:
SF:src/components/auth/ReferralCodeInput.tsx
FN:13,(anonymous_0)
FN:21,(anonymous_1)
FN:30,(anonymous_2)
FN:74,(anonymous_3)
FNF:4
FNH:0
FNDA:0,(anonymous_0)
FNDA:0,(anonymous_1)
FNDA:0,(anonymous_2)
FNDA:0,(anonymous_3)
DA:3,0
DA:4,0
DA:5,0
DA:6,0
DA:13,0
DA:17,0
DA:18,0
DA:19,0
DA:21,0
DA:23,0
DA:24,0
DA:25,0
DA:26,0
DA:30,0
DA:31,0
DA:32,0
DA:33,0
DA:36,0
DA:37,0
DA:38,0
DA:46,0
DA:48,0
DA:49,0
DA:50,0
DA:52,0
DA:55,0
DA:56,0
DA:60,0
DA:64,0
DA:74,0
LF:30
LH:0
BRDA:25,0,0,0
BRDA:31,1,0,0
BRDA:48,2,0,0
BRDA:48,2,1,0
BRDA:52,3,0,0
BRDA:52,3,1,0
BRDA:57,4,0,0
BRDA:57,4,1,0
BRDA:80,5,0,0
BRDA:80,5,1,0
BRDA:82,6,0,0
BRDA:82,6,1,0
BRDA:82,7,0,0
BRDA:82,7,1,0
BRDA:87,8,0,0
BRDA:87,8,1,0
BRF:16
BRH:0
end_of_record
TN:
SF:src/components/common/CopyToClipboard.tsx
FN:10,(anonymous_1)
FN:15,(anonymous_2)
FN:18,(anonymous_3)
FN:30,(anonymous_4)
FNF:4
FNH:0
FNDA:0,(anonymous_1)
FNDA:0,(anonymous_2)
FNDA:0,(anonymous_3)
FNDA:0,(anonymous_4)
DA:2,0
DA:10,0
DA:15,0
DA:16,0
DA:19,0
DA:31,0
DA:32,0
DA:44,0
LF:8
LH:0
BRDA:12,0,0,0
BRDA:46,1,0,0
BRDA:46,1,1,0
BRF:3
BRH:0
end_of_record
TN:
SF:src/components/common/ErrorMessage.tsx
FN:9,(anonymous_0)
FNF:1
FNH:0
FNDA:0,(anonymous_0)
DA:9,0
DA:14,0
LF:2
LH:0
BRDA:12,0,0,0
BRDA:36,1,0,0
BRDA:36,1,1,0
BRF:3
BRH:0
end_of_record
TN:
SF:src/components/common/LoadingSpinner.tsx
FN:8,(anonymous_0)
FNF:1
FNH:0
FNDA:0,(anonymous_0)
DA:8,0
DA:12,0
DA:18,0
LF:3
LH:0
BRDA:9,0,0,0
BRDA:10,1,0,0
BRF:2
BRH:0
end_of_record
TN:
SF:src/components/contests/ContestTimer.tsx
FN:7,(anonymous_0)
FN:10,(anonymous_1)
FN:11,(anonymous_2)
FN:25,(anonymous_3)
FN:29,(anonymous_4)
FNF:5
FNH:0
FNDA:0,(anonymous_0)
FNDA:0,(anonymous_1)
FNDA:0,(anonymous_2)
FNDA:0,(anonymous_3)
FNDA:0,(anonymous_4)
DA:1,0
DA:7,0
DA:8,0
DA:10,0
DA:11,0
DA:12,0
DA:14,0
DA:15,0
DA:18,0
DA:25,0
DA:26,0
DA:29,0
DA:32,0
LF:13
LH:0
BRDA:14,0,0,0
BRF:1
BRH:0
end_of_record
TN:
SF:src/components/contests/Leaderboard.tsx
FN:17,(anonymous_0)
FN:25,(anonymous_1)
FNF:2
FNH:0
FNDA:0,(anonymous_0)
FNDA:0,(anonymous_1)
DA:2,0
DA:3,0
DA:17,0
DA:18,0
DA:26,0
LF:5
LH:0
BRDA:29,0,0,0
BRDA:29,0,1,0
BRDA:36,1,0,0
BRDA:36,1,1,0
BRDA:50,2,0,0
BRDA:50,2,1,0
BRDA:52,3,0,0
BRDA:52,3,1,0
BRF:8
BRH:0
end_of_record
TN:
SF:src/components/contests/LivePriceUpdates.tsx
FN:18,(anonymous_0)
FN:21,(anonymous_1)
FNF:2
FNH:0
FNDA:0,(anonymous_0)
FNDA:0,(anonymous_1)
DA:2,0
DA:3,0
DA:18,0
DA:19,0
DA:22,0
LF:5
LH:0
BRDA:34,0,0,0
BRDA:34,0,1,0
BRDA:35,1,0,0
BRDA:35,1,1,0
BRF:4
BRH:0
end_of_record
TN:
SF:src/components/contests/PortfolioPerformance.tsx
FN:20,(anonymous_0)
FN:40,(anonymous_1)
FNF:2
FNH:0
FNDA:0,(anonymous_0)
FNDA:0,(anonymous_1)
DA:2,0
DA:3,0
DA:20,0
DA:25,0
DA:41,0
DA:42,0
DA:46,0
LF:7
LH:0
BRDA:32,0,0,0
BRDA:32,0,1,0
BRDA:33,1,0,0
BRDA:33,1,1,0
BRDA:42,2,0,0
BRDA:42,2,1,0
BRDA:57,3,0,0
BRDA:57,3,1,0
BRDA:58,4,0,0
BRDA:58,4,1,0
BRDA:65,5,0,0
BRDA:65,5,1,0
BRF:12
BRH:0
end_of_record
TN:
SF:src/components/contests/TestSkipButton.tsx
FN:9,(anonymous_0)
FN:14,(anonymous_1)
FNF:2
FNH:0
FNDA:0,(anonymous_0)
FNDA:0,(anonymous_1)
DA:2,0
DA:3,0
DA:9,0
DA:10,0
DA:12,0
DA:14,0
LF:6
LH:0
BRF:0
BRH:0
end_of_record
TN:
SF:src/components/contests/TokenPerformance.tsx
FN:15,(anonymous_0)
FNF:1
FNH:0
FNDA:0,(anonymous_0)
DA:2,0
DA:15,0
DA:21,0
DA:23,0
LF:4
LH:0
BRDA:32,0,0,0
BRDA:32,0,1,0
BRDA:33,1,0,0
BRDA:33,1,1,0
BRDA:40,2,0,0
BRDA:40,2,1,0
BRF:6
BRH:0
end_of_record
TN:
SF:src/components/contests/browser/ContestCard.tsx
FN:14,(anonymous_0)
FN:37,(anonymous_1)
FN:52,(anonymous_2)
FN:95,(anonymous_3)
FNF:4
FNH:0
FNDA:0,(anonymous_0)
FNDA:0,(anonymous_1)
FNDA:0,(anonymous_2)
FNDA:0,(anonymous_3)
DA:2,0
DA:3,0
DA:5,0
DA:6,0
DA:7,0
DA:14,0
DA:19,0
DA:20,0
DA:21,0
DA:23,0
DA:24,0
DA:26,0
DA:27,0
DA:28,0
DA:29,0
DA:30,0
DA:31,0
DA:33,0
DA:37,0
DA:38,0
DA:40,0
DA:42,0
DA:44,0
DA:46,0
DA:48,0
DA:52,0
DA:53,0
DA:55,0
DA:57,0
DA:59,0
DA:61,0
DA:63,0
DA:67,0
DA:96,0
LF:34
LH:0
BRDA:27,0,0,0
BRDA:28,1,0,0
BRDA:28,1,1,0
BRDA:30,2,0,0
BRDA:30,2,1,0
BRDA:38,3,0,0
BRDA:38,3,1,0
BRDA:38,3,2,0
BRDA:38,3,3,0
BRDA:38,3,4,0
BRDA:53,4,0,0
BRDA:53,4,1,0
BRDA:53,4,2,0
BRDA:53,4,3,0
BRDA:53,4,4,0
BRDA:86,5,0,0
BRDA:86,5,1,0
BRDA:90,6,0,0
BRDA:90,6,1,0
BRDA:93,7,0,0
BRDA:93,7,1,0
BRDA:110,8,0,0
BRDA:110,8,1,0
BRDA:117,9,0,0
BRDA:117,9,1,0
BRDA:132,10,0,0
BRDA:132,10,1,0
BRDA:179,11,0,0
BRDA:179,11,1,0
BRDA:190,12,0,0
BRDA:190,12,1,0
BRF:31
BRH:0
end_of_record
TN:
SF:src/components/contests/browser/ContestFilters.tsx
FN:18,(anonymous_0)
FN:32,(anonymous_1)
FN:44,(anonymous_2)
FNF:3
FNH:0
FNDA:0,(anonymous_0)
FNDA:0,(anonymous_1)
FNDA:0,(anonymous_2)
DA:4,0
DA:18,0
DA:27,0
DA:32,0
DA:45,0
LF:5
LH:0
BRF:0
BRH:0
end_of_record
TN:
SF:src/components/contests/browser/ContestSort.tsx
FN:17,(anonymous_0)
FN:26,(anonymous_1)
FN:29,(anonymous_2)
FNF:3
FNH:0
FNDA:0,(anonymous_0)
FNDA:0,(anonymous_1)
FNDA:0,(anonymous_2)
DA:10,0
DA:17,0
DA:22,0
DA:27,0
DA:30,0
LF:5
LH:0
BRDA:30,0,0,0
BRDA:30,0,1,0
BRDA:33,1,0,0
BRDA:33,1,1,0
BRDA:39,2,0,0
BRDA:39,2,1,0
BRDA:39,3,0,0
BRDA:39,3,1,0
BRF:8
BRH:0
end_of_record
TN:
SF:src/components/contests/browser/CreateContestButton.tsx
FN:9,(anonymous_0)
FN:16,(anonymous_1)
FN:22,(anonymous_2)
FN:23,(anonymous_3)
FNF:4
FNH:0
FNDA:0,(anonymous_0)
FNDA:0,(anonymous_1)
FNDA:0,(anonymous_2)
FNDA:0,(anonymous_3)
DA:1,0
DA:2,0
DA:3,0
DA:9,0
DA:12,0
DA:14,0
DA:16,0
DA:22,0
DA:24,0
DA:25,0
LF:10
LH:0
BRF:0
BRH:0
end_of_record
TN:
SF:src/components/contests/browser/CreateContestModal.tsx
FN:31,(anonymous_1)
FN:39,(anonymous_2)
FN:45,(anonymous_3)
FN:50,(anonymous_4)
FN:55,(anonymous_5)
FN:63,(anonymous_6)
FN:67,(anonymous_7)
FN:111,(anonymous_8)
FN:237,(anonymous_9)
FN:241,(anonymous_10)
FN:303,(anonymous_11)
FN:304,(anonymous_12)
FN:353,(anonymous_13)
FN:355,(anonymous_14)
FN:421,(anonymous_15)
FN:422,(anonymous_16)
FN:448,(anonymous_17)
FN:449,(anonymous_18)
FNF:18
FNH:0
FNDA:0,(anonymous_1)
FNDA:0,(anonymous_2)
FNDA:0,(anonymous_3)
FNDA:0,(anonymous_4)
FNDA:0,(anonymous_5)
FNDA:0,(anonymous_6)
FNDA:0,(anonymous_7)
FNDA:0,(anonymous_8)
FNDA:0,(anonymous_9)
FNDA:0,(anonymous_10)
FNDA:0,(anonymous_11)
FNDA:0,(anonymous_12)
FNDA:0,(anonymous_13)
FNDA:0,(anonymous_14)
FNDA:0,(anonymous_15)
FNDA:0,(anonymous_16)
FNDA:0,(anonymous_17)
FNDA:0,(anonymous_18)
DA:3,0
DA:4,0
DA:5,0
DA:6,0
DA:7,0
DA:9,0
DA:10,0
DA:11,0
DA:12,0
DA:13,0
DA:31,0
DA:36,0
DA:37,0
DA:39,0
DA:40,0
DA:41,0
DA:42,0
DA:45,0
DA:46,0
DA:47,0
DA:50,0
DA:51,0
DA:52,0
DA:55,0
DA:59,0
DA:60,0
DA:63,0
DA:65,0
DA:67,0
DA:71,0
DA:74,0
DA:76,0
DA:79,0
DA:111,0
DA:112,0
DA:113,0
DA:114,0
DA:116,0
DA:117,0
DA:119,0
DA:120,0
DA:121,0
DA:170,0
DA:174,0
DA:177,0
DA:178,0
DA:179,0
DA:189,0
DA:190,0
DA:191,0
DA:193,0
DA:210,0
DA:213,0
DA:217,0
DA:223,0
DA:224,0
DA:228,0
DA:229,0
DA:230,0
DA:234,0
DA:237,0
DA:240,0
DA:241,0
DA:248,0
DA:261,0
DA:264,0
DA:304,0
DA:354,0
DA:355,0
DA:422,0
DA:449,0
LF:71
LH:0
BRDA:46,0,0,0
BRDA:46,0,1,0
BRDA:51,1,0,0
BRDA:51,1,1,0
BRDA:59,2,0,0
BRDA:59,2,1,0
BRDA:63,3,0,0
BRDA:74,4,0,0
BRDA:74,4,1,0
BRDA:146,5,0,0
BRDA:146,5,1,0
BRDA:178,6,0,0
BRDA:178,6,1,0
BRDA:210,7,0,0
BRDA:210,7,1,0
BRDA:213,8,0,0
BRDA:214,9,0,0
BRDA:214,9,1,0
BRDA:243,10,0,0
BRDA:243,10,1,0
BRDA:261,11,0,0
BRDA:479,12,0,0
BRDA:479,12,1,0
BRDA:501,13,0,0
BRDA:501,13,1,0
BRF:25
BRH:0
end_of_record
TN:
SF:src/components/contests/browser/EditContestModal.tsx
FN:26,(anonymous_1)
FN:61,(anonymous_2)
FN:73,(anonymous_3)
FN:94,(anonymous_4)
FN:104,(anonymous_5)
FN:118,(anonymous_6)
FN:119,(anonymous_7)
FN:129,(anonymous_8)
FN:162,(anonymous_9)
FN:176,(anonymous_10)
FN:194,(anonymous_11)
FN:224,(anonymous_12)
FN:249,(anonymous_13)
FN:275,(anonymous_14)
FN:318,(anonymous_15)
FN:339,(anonymous_16)
FN:357,(anonymous_17)
FN:381,(anonymous_18)
FN:407,(anonymous_19)
FN:432,(anonymous_20)
FN:464,(anonymous_21)
FN:489,(anonymous_22)
FN:515,(anonymous_23)
FN:540,(anonymous_24)
FN:586,(anonymous_25)
FN:601,getNextHourDateTime
FNF:26
FNH:0
FNDA:0,(anonymous_1)
FNDA:0,(anonymous_2)
FNDA:0,(anonymous_3)
FNDA:0,(anonymous_4)
FNDA:0,(anonymous_5)
FNDA:0,(anonymous_6)
FNDA:0,(anonymous_7)
FNDA:0,(anonymous_8)
FNDA:0,(anonymous_9)
FNDA:0,(anonymous_10)
FNDA:0,(anonymous_11)
FNDA:0,(anonymous_12)
FNDA:0,(anonymous_13)
FNDA:0,(anonymous_14)
FNDA:0,(anonymous_15)
FNDA:0,(anonymous_16)
FNDA:0,(anonymous_17)
FNDA:0,(anonymous_18)
FNDA:0,(anonymous_19)
FNDA:0,(anonymous_20)
FNDA:0,(anonymous_21)
FNDA:0,(anonymous_22)
FNDA:0,(anonymous_23)
FNDA:0,(anonymous_24)
FNDA:0,(anonymous_25)
FNDA:0,getNextHourDateTime
DA:3,0
DA:4,0
DA:5,0
DA:6,0
DA:7,0
DA:12,0
DA:13,0
DA:14,0
DA:15,0
DA:16,0
DA:26,0
DA:32,0
DA:33,0
DA:41,0
DA:61,0
DA:70,0
DA:71,0
DA:73,0
DA:74,0
DA:75,0
DA:94,0
DA:104,0
DA:105,0
DA:107,0
DA:108,0
DA:109,0
DA:110,0
DA:112,0
DA:114,0
DA:118,0
DA:119,0
DA:120,0
DA:121,0
DA:125,0
DA:126,0
DA:129,0
DA:132,0
DA:134,0
DA:167,0
DA:181,0
DA:202,0
DA:232,0
DA:257,0
DA:280,0
DA:323,0
DA:344,0
DA:365,0
DA:389,0
DA:415,0
DA:440,0
DA:472,0
DA:494,0
DA:523,0
DA:548,0
DA:586,0
DA:592,0
DA:602,0
DA:603,0
DA:604,0
LF:59
LH:0
BRDA:53,0,0,0
BRDA:53,0,1,0
BRDA:62,1,0,0
BRDA:62,1,1,0
BRDA:63,2,0,0
BRDA:63,2,1,0
BRDA:64,3,0,0
BRDA:64,3,1,0
BRDA:74,4,0,0
BRDA:95,5,0,0
BRDA:95,5,1,0
BRDA:96,6,0,0
BRDA:96,6,1,0
BRDA:97,7,0,0
BRDA:97,7,1,0
BRDA:105,8,0,0
BRDA:120,9,0,0
BRDA:120,10,0,0
BRDA:120,10,1,0
BRDA:125,11,0,0
BRDA:132,12,0,0
BRDA:510,13,0,0
BRDA:510,13,1,0
BRDA:566,14,0,0
BRDA:566,14,1,0
BRDA:590,15,0,0
BRDA:597,16,0,0
BRDA:597,16,1,0
BRDA:601,17,0,0
BRF:29
BRH:0
end_of_record
TN:
SF:src/components/contests/detail/ContestRules.tsx
FN:14,(anonymous_0)
FN:22,(anonymous_1)
FNF:2
FNH:0
FNDA:0,(anonymous_0)
FNDA:0,(anonymous_1)
DA:2,0
DA:14,0
DA:15,0
DA:23,0
LF:4
LH:0
BRF:0
BRH:0
end_of_record
TN:
SF:src/components/contests/detail/ParticipantsList.tsx
FN:16,(anonymous_0)
FN:20,(anonymous_1)
FN:34,(anonymous_2)
FNF:3
FNH:0
FNDA:0,(anonymous_0)
FNDA:0,(anonymous_1)
FNDA:0,(anonymous_2)
DA:2,0
DA:3,0
DA:16,0
DA:20,0
DA:21,0
DA:22,0
DA:24,0
DA:27,0
DA:35,0
LF:9
LH:0
BRDA:21,0,0,0
BRDA:24,1,0,0
BRDA:24,1,1,0
BRDA:24,2,0,0
BRDA:24,2,1,0
BRDA:55,3,0,0
BRDA:55,3,1,0
BRDA:55,3,2,0
BRDA:59,4,0,0
BRDA:59,4,1,0
BRDA:62,5,0,0
BRDA:62,5,1,0
BRF:12
BRH:0
end_of_record
TN:
SF:src/components/contests/detail/PrizeStructure.tsx
FN:10,(anonymous_0)
FN:28,(anonymous_1)
FNF:2
FNH:0
FNDA:0,(anonymous_0)
FNDA:0,(anonymous_1)
DA:2,0
DA:3,0
DA:10,0
DA:13,0
DA:19,0
DA:29,0
LF:6
LH:0
BRF:0
BRH:0
end_of_record
TN:
SF:src/components/debug/DebugPanel.tsx
FN:63,(anonymous_0)
FN:101,(anonymous_1)
FN:102,(anonymous_2)
FN:110,(anonymous_3)
FN:113,(anonymous_4)
FN:120,(anonymous_5)
FN:124,(anonymous_6)
FN:125,(anonymous_7)
FN:135,(anonymous_8)
FN:146,(anonymous_9)
FN:150,(anonymous_10)
FN:151,(anonymous_11)
FN:156,(anonymous_12)
FN:163,(anonymous_13)
FN:173,(anonymous_14)
FN:177,(anonymous_15)
FN:182,(anonymous_16)
FN:184,(anonymous_17)
FN:187,(anonymous_18)
FN:190,(anonymous_19)
FN:204,(anonymous_20)
FN:222,(anonymous_21)
FN:226,(anonymous_22)
FN:229,(anonymous_23)
FN:236,(anonymous_24)
FN:245,(anonymous_25)
FN:253,(anonymous_26)
FN:254,(anonymous_27)
FN:258,(anonymous_28)
FN:283,(anonymous_29)
FN:306,(anonymous_30)
FN:314,(anonymous_31)
FN:333,(anonymous_32)
FN:360,(anonymous_33)
FN:388,(anonymous_34)
FN:398,(anonymous_35)
FN:401,(anonymous_36)
FN:424,(anonymous_37)
FN:464,(anonymous_38)
FN:506,(anonymous_39)
FN:520,(anonymous_40)
FN:533,(anonymous_41)
FN:549,(anonymous_42)
FN:563,(anonymous_43)
FN:573,(anonymous_44)
FN:585,(anonymous_45)
FN:601,(anonymous_46)
FN:615,(anonymous_47)
FN:627,(anonymous_48)
FN:637,(anonymous_49)
FN:653,(anonymous_50)
FN:664,(anonymous_51)
FN:670,(anonymous_52)
FN:676,(anonymous_53)
FNF:54
FNH:0
FNDA:0,(anonymous_0)
FNDA:0,(anonymous_1)
FNDA:0,(anonymous_2)
FNDA:0,(anonymous_3)
FNDA:0,(anonymous_4)
FNDA:0,(anonymous_5)
FNDA:0,(anonymous_6)
FNDA:0,(anonymous_7)
FNDA:0,(anonymous_8)
FNDA:0,(anonymous_9)
FNDA:0,(anonymous_10)
FNDA:0,(anonymous_11)
FNDA:0,(anonymous_12)
FNDA:0,(anonymous_13)
FNDA:0,(anonymous_14)
FNDA:0,(anonymous_15)
FNDA:0,(anonymous_16)
FNDA:0,(anonymous_17)
FNDA:0,(anonymous_18)
FNDA:0,(anonymous_19)
FNDA:0,(anonymous_20)
FNDA:0,(anonymous_21)
FNDA:0,(anonymous_22)
FNDA:0,(anonymous_23)
FNDA:0,(anonymous_24)
FNDA:0,(anonymous_25)
FNDA:0,(anonymous_26)
FNDA:0,(anonymous_27)
FNDA:0,(anonymous_28)
FNDA:0,(anonymous_29)
FNDA:0,(anonymous_30)
FNDA:0,(anonymous_31)
FNDA:0,(anonymous_32)
FNDA:0,(anonymous_33)
FNDA:0,(anonymous_34)
FNDA:0,(anonymous_35)
FNDA:0,(anonymous_36)
FNDA:0,(anonymous_37)
FNDA:0,(anonymous_38)
FNDA:0,(anonymous_39)
FNDA:0,(anonymous_40)
FNDA:0,(anonymous_41)
FNDA:0,(anonymous_42)
FNDA:0,(anonymous_43)
FNDA:0,(anonymous_44)
FNDA:0,(anonymous_45)
FNDA:0,(anonymous_46)
FNDA:0,(anonymous_47)
FNDA:0,(anonymous_48)
FNDA:0,(anonymous_49)
FNDA:0,(anonymous_50)
FNDA:0,(anonymous_51)
FNDA:0,(anonymous_52)
FNDA:0,(anonymous_53)
DA:3,0
DA:4,0
DA:6,0
DA:28,0
DA:63,0
DA:64,0
DA:65,0
DA:75,0
DA:76,0
DA:80,0
DA:87,0
DA:93,0
DA:94,0
DA:95,0
DA:96,0
DA:97,0
DA:98,0
DA:101,0
DA:102,0
DA:103,0
DA:104,0
DA:106,0
DA:107,0
DA:109,0
DA:110,0
DA:113,0
DA:115,0
DA:116,0
DA:119,0
DA:120,0
DA:124,0
DA:125,0
DA:126,0
DA:128,0
DA:135,0
DA:145,0
DA:146,0
DA:150,0
DA:151,0
DA:152,0
DA:153,0
DA:154,0
DA:155,0
DA:156,0
DA:163,0
DA:172,0
DA:173,0
DA:177,0
DA:178,0
DA:179,0
DA:180,0
DA:182,0
DA:183,0
DA:184,0
DA:187,0
DA:190,0
DA:191,0
DA:192,0
DA:194,0
DA:195,0
DA:196,0
DA:197,0
DA:204,0
DA:205,0
DA:207,0
DA:208,0
DA:211,0
DA:212,0
DA:213,0
DA:214,0
DA:215,0
DA:222,0
DA:223,0
DA:226,0
DA:227,0
DA:228,0
DA:229,0
DA:230,0
DA:231,0
DA:236,0
DA:237,0
DA:238,0
DA:240,0
DA:245,0
DA:246,0
DA:247,0
DA:249,0
DA:253,0
DA:254,0
DA:258,0
DA:260,0
DA:271,0
DA:272,0
DA:276,0
DA:279,0
DA:283,0
DA:284,0
DA:286,0
DA:287,0
DA:288,0
DA:289,0
DA:290,0
DA:292,0
DA:295,0
DA:296,0
DA:299,0
DA:300,0
DA:301,0
DA:306,0
DA:307,0
DA:308,0
DA:309,0
DA:310,0
DA:314,0
DA:315,0
DA:316,0
DA:317,0
DA:318,0
DA:321,0
DA:325,0
DA:326,0
DA:327,0
DA:331,0
DA:333,0
DA:334,0
DA:335,0
DA:336,0
DA:337,0
DA:340,0
DA:361,0
DA:363,0
DA:364,0
DA:388,0
DA:399,0
DA:401,0
DA:424,0
DA:464,0
DA:506,0
DA:521,0
DA:534,0
DA:549,0
DA:564,0
DA:574,0
DA:586,0
DA:601,0
DA:616,0
DA:628,0
DA:638,0
DA:653,0
DA:664,0
DA:670,0
DA:677,0
DA:685,0
DA:687,0
LF:154
LH:0
BRDA:107,0,0,0
BRDA:126,1,0,0
BRDA:126,2,0,0
BRDA:126,2,1,0
BRDA:178,3,0,0
BRDA:180,4,0,0
BRDA:191,5,0,0
BRDA:191,6,0,0
BRDA:191,6,1,0
BRDA:196,7,0,0
BRDA:205,8,0,0
BRDA:212,9,0,0
BRDA:237,10,0,0
BRDA:237,10,1,0
BRDA:246,11,0,0
BRDA:246,11,1,0
BRDA:271,12,0,0
BRDA:286,13,0,0
BRDA:286,13,1,0
BRDA:287,14,0,0
BRDA:287,14,1,0
BRDA:316,15,0,0
BRDA:331,16,0,0
BRDA:347,17,0,0
BRDA:347,17,1,0
BRDA:363,18,0,0
BRDA:377,19,0,0
BRDA:377,19,1,0
BRDA:382,20,0,0
BRDA:382,20,1,0
BRDA:394,21,0,0
BRDA:394,21,1,0
BRDA:396,22,0,0
BRDA:396,22,1,0
BRDA:403,23,0,0
BRDA:403,23,1,0
BRDA:430,24,0,0
BRDA:430,24,1,0
BRDA:432,25,0,0
BRDA:432,25,1,0
BRDA:470,26,0,0
BRDA:470,26,1,0
BRDA:472,27,0,0
BRDA:472,27,1,0
BRDA:484,28,0,0
BRDA:484,28,1,0
BRDA:490,29,0,0
BRDA:490,29,1,0
BRDA:512,30,0,0
BRDA:512,30,1,0
BRDA:514,31,0,0
BRDA:514,31,1,0
BRDA:555,32,0,0
BRDA:555,32,1,0
BRDA:557,33,0,0
BRDA:557,33,1,0
BRDA:607,34,0,0
BRDA:607,34,1,0
BRDA:609,35,0,0
BRDA:609,35,1,0
BRDA:659,36,0,0
BRDA:659,36,1,0
BRDA:661,37,0,0
BRDA:661,37,1,0
BRF:64
BRH:0
end_of_record
TN:
SF:src/components/landing/AmbientMarketData.tsx
FN:31,(anonymous_0)
FN:37,(anonymous_1)
FN:42,(anonymous_2)
FN:93,(anonymous_3)
FN:121,(anonymous_4)
FN:124,(anonymous_5)
FN:132,(anonymous_6)
FN:141,(anonymous_7)
FN:147,(anonymous_8)
FN:153,(anonymous_9)
FN:171,(anonymous_10)
FNF:11
FNH:0
FNDA:0,(anonymous_0)
FNDA:0,(anonymous_1)
FNDA:0,(anonymous_2)
FNDA:0,(anonymous_3)
FNDA:0,(anonymous_4)
FNDA:0,(anonymous_5)
FNDA:0,(anonymous_6)
FNDA:0,(anonymous_7)
FNDA:0,(anonymous_8)
FNDA:0,(anonymous_9)
FNDA:0,(anonymous_10)
DA:1,0
DA:2,0
DA:3,0
DA:31,0
DA:32,0
DA:33,0
DA:37,0
DA:40,0
DA:42,0
DA:43,0
DA:46,0
DA:47,0
DA:62,0
DA:63,0
DA:76,0
DA:77,0
DA:90,0
DA:91,0
DA:92,0
DA:94,0
DA:98,0
DA:99,0
DA:117,0
DA:118,0
DA:121,0
DA:124,0
DA:125,0
DA:126,0
DA:127,0
DA:129,0
DA:130,0
DA:131,0
DA:132,0
DA:136,0
DA:141,0
DA:142,0
DA:144,0
DA:147,0
DA:148,0
DA:149,0
DA:153,0
DA:154,0
DA:156,0
DA:158,0
DA:160,0
DA:162,0
DA:164,0
DA:168,0
DA:172,0
LF:49
LH:0
BRDA:46,0,0,0
BRDA:56,1,0,0
BRDA:56,1,1,0
BRDA:62,2,0,0
BRDA:76,3,0,0
BRDA:76,4,0,0
BRDA:76,4,1,0
BRDA:91,5,0,0
BRDA:94,6,0,0
BRDA:94,6,1,0
BRDA:94,6,2,0
BRDA:94,6,3,0
BRDA:98,7,0,0
BRDA:108,8,0,0
BRDA:108,8,1,0
BRDA:129,9,0,0
BRDA:131,10,0,0
BRDA:149,11,0,0
BRDA:154,12,0,0
BRDA:154,12,1,0
BRDA:154,12,2,0
BRDA:154,12,3,0
BRDA:154,12,4,0
BRDA:177,13,0,0
BRDA:177,13,1,0
BRDA:184,14,0,0
BRDA:184,14,1,0
BRDA:224,15,0,0
BRDA:224,15,1,0
BRDA:225,16,0,0
BRDA:225,16,1,0
BRDA:228,17,0,0
BRDA:228,17,1,0
BRDA:230,18,0,0
BRDA:230,18,1,0
BRF:35
BRH:0
end_of_record
TN:
SF:src/components/landing/ContestCard.tsx
FN:27,(anonymous_0)
FN:48,(anonymous_1)
FN:117,(anonymous_2)
FN:132,(anonymous_3)
FN:150,(anonymous_4)
FN:265,(anonymous_5)
FN:349,(anonymous_6)
FN:368,(anonymous_7)
FN:383,(anonymous_8)
FNF:9
FNH:0
FNDA:0,(anonymous_0)
FNDA:0,(anonymous_1)
FNDA:0,(anonymous_2)
FNDA:0,(anonymous_3)
FNDA:0,(anonymous_4)
FNDA:0,(anonymous_5)
FNDA:0,(anonymous_6)
FNDA:0,(anonymous_7)
FNDA:0,(anonymous_8)
DA:3,0
DA:4,0
DA:5,0
DA:6,0
DA:7,0
DA:9,0
DA:10,0
DA:27,0
DA:42,0
DA:43,0
DA:44,0
DA:45,0
DA:46,0
DA:48,0
DA:49,0
DA:50,0
DA:51,0
DA:52,0
DA:55,0
DA:58,0
DA:59,0
DA:60,0
DA:62,0
DA:63,0
DA:73,0
DA:74,0
DA:75,0
DA:84,0
DA:87,0
DA:88,0
DA:91,0
DA:93,0
DA:94,0
DA:95,0
DA:96,0
DA:97,0
DA:98,0
DA:100,0
DA:103,0
DA:113,0
DA:117,0
DA:118,0
DA:120,0
DA:122,0
DA:124,0
DA:126,0
DA:128,0
DA:132,0
DA:133,0
DA:135,0
DA:137,0
DA:139,0
DA:141,0
DA:143,0
DA:147,0
DA:150,0
DA:265,0
DA:350,0
DA:351,0
DA:366,0
DA:368,0
DA:369,0
DA:384,0
LF:63
LH:0
BRDA:50,0,0,0
BRDA:50,0,1,0
BRDA:51,1,0,0
BRDA:53,2,0,0
BRDA:53,2,1,0
BRDA:62,3,0,0
BRDA:73,4,0,0
BRDA:74,5,0,0
BRDA:77,6,0,0
BRDA:77,6,1,0
BRDA:78,7,0,0
BRDA:78,7,1,0
BRDA:84,8,0,0
BRDA:84,8,1,0
BRDA:93,9,0,0
BRDA:93,9,1,0
BRDA:95,10,0,0
BRDA:95,10,1,0
BRDA:96,11,0,0
BRDA:96,11,1,0
BRDA:97,12,0,0
BRDA:97,12,1,0
BRDA:100,13,0,0
BRDA:100,13,1,0
BRDA:118,14,0,0
BRDA:118,14,1,0
BRDA:118,14,2,0
BRDA:118,14,3,0
BRDA:118,14,4,0
BRDA:133,15,0,0
BRDA:133,15,1,0
BRDA:133,15,2,0
BRDA:133,15,3,0
BRDA:133,15,4,0
BRDA:158,16,0,0
BRDA:158,16,1,0
BRDA:165,17,0,0
BRDA:165,17,1,0
BRDA:269,18,0,0
BRDA:269,18,1,0
BRDA:270,19,0,0
BRDA:270,19,1,0
BRF:42
BRH:0
end_of_record
TN:
SF:src/components/landing/ContestSection.tsx
FN:15,(anonymous_0)
FN:23,(anonymous_1)
FN:24,(anonymous_2)
FN:28,(anonymous_3)
FN:47,(anonymous_4)
FN:171,(anonymous_5)
FNF:6
FNH:0
FNDA:0,(anonymous_0)
FNDA:0,(anonymous_1)
FNDA:0,(anonymous_2)
FNDA:0,(anonymous_3)
FNDA:0,(anonymous_4)
FNDA:0,(anonymous_5)
DA:3,0
DA:4,0
DA:6,0
DA:15,0
DA:21,0
DA:23,0
DA:24,0
DA:25,0
DA:27,0
DA:28,0
DA:32,0
DA:33,0
DA:36,0
DA:37,0
DA:48,0
DA:60,0
DA:61,0
DA:81,0
DA:83,0
DA:172,0
LF:20
LH:0
BRDA:32,0,0,0
BRDA:32,1,0,0
BRDA:32,1,1,0
BRDA:32,1,2,0
BRDA:36,2,0,0
BRDA:60,3,0,0
BRDA:60,4,0,0
BRDA:60,4,1,0
BRDA:136,5,0,0
BRDA:136,5,1,0
BRDA:145,6,0,0
BRDA:145,6,1,0
BRDA:151,7,0,0
BRDA:151,7,1,0
BRDA:151,7,2,0
BRDA:158,8,0,0
BRDA:158,8,1,0
BRDA:168,9,0,0
BRDA:168,9,1,0
BRDA:212,10,0,0
BRDA:212,10,1,0
BRF:21
BRH:0
end_of_record
TN:
SF:src/components/landing/Features.tsx
FN:214,(anonymous_0)
FN:215,(anonymous_1)
FN:218,(anonymous_2)
FN:229,(anonymous_3)
FN:237,(anonymous_4)
FN:283,(anonymous_5)
FN:308,(anonymous_6)
FN:341,(anonymous_7)
FN:350,(anonymous_8)
FN:362,(anonymous_9)
FN:415,(anonymous_10)
FN:423,(anonymous_11)
FNF:12
FNH:0
FNDA:0,(anonymous_0)
FNDA:0,(anonymous_1)
FNDA:0,(anonymous_2)
FNDA:0,(anonymous_3)
FNDA:0,(anonymous_4)
FNDA:0,(anonymous_5)
FNDA:0,(anonymous_6)
FNDA:0,(anonymous_7)
FNDA:0,(anonymous_8)
FNDA:0,(anonymous_9)
FNDA:0,(anonymous_10)
FNDA:0,(anonymous_11)
DA:3,0
DA:4,0
DA:14,0
DA:137,0
DA:213,0
DA:214,0
DA:215,0
DA:218,0
DA:219,0
DA:222,0
DA:223,0
DA:224,0
DA:225,0
DA:226,0
DA:227,0
DA:229,0
DA:230,0
DA:231,0
DA:232,0
DA:233,0
DA:234,0
DA:237,0
DA:239,0
DA:242,0
DA:245,0
DA:283,0
DA:308,0
DA:341,0
DA:351,0
DA:362,0
DA:415,0
DA:423,0
LF:32
LH:0
BRDA:232,0,0,0
BRDA:232,0,1,0
BRDA:239,1,0,0
BRDA:239,1,1,0
BRDA:287,2,0,0
BRDA:287,2,1,0
BRDA:312,3,0,0
BRDA:312,3,1,0
BRDA:345,4,0,0
BRDA:345,4,1,0
BRDA:362,5,0,0
BRDA:362,5,1,0
BRDA:367,6,0,0
BRDA:367,6,1,0
BRDA:377,7,0,0
BRDA:377,7,1,0
BRDA:386,8,0,0
BRDA:386,8,1,0
BRDA:390,9,0,0
BRDA:390,9,1,0
BRDA:409,10,0,0
BRDA:409,10,1,0
BRDA:436,11,0,0
BRDA:436,11,1,0
BRDA:448,12,0,0
BRDA:448,12,1,0
BRDA:455,13,0,0
BRDA:455,13,1,0
BRF:28
BRH:0
end_of_record
TN:
SF:src/components/landing/HeroTitle.tsx
FN:6,(anonymous_0)
FN:27,(anonymous_1)
FN:29,(anonymous_2)
FN:30,(anonymous_3)
FN:55,(anonymous_4)
FN:56,(anonymous_5)
FNF:6
FNH:0
FNDA:0,(anonymous_0)
FNDA:0,(anonymous_1)
FNDA:0,(anonymous_2)
FNDA:0,(anonymous_3)
FNDA:0,(anonymous_4)
FNDA:0,(anonymous_5)
DA:1,0
DA:2,0
DA:3,0
DA:4,0
DA:6,0
DA:7,0
DA:8,0
DA:9,0
DA:10,0
DA:12,0
DA:28,0
DA:29,0
DA:30,0
DA:56,0
LF:14
LH:0
BRDA:39,0,0,0
BRDA:39,0,1,0
BRDA:40,1,0,0
BRDA:40,1,1,0
BRDA:41,2,0,0
BRDA:41,2,1,0
BRDA:43,3,0,0
BRDA:43,3,1,0
BRDA:78,4,0,0
BRDA:78,4,1,0
BRDA:128,5,0,0
BRDA:128,5,1,0
BRDA:129,6,0,0
BRDA:129,6,1,0
BRDA:130,7,0,0
BRDA:130,7,1,0
BRDA:132,8,0,0
BRDA:132,8,1,0
BRF:18
BRH:0
end_of_record
TN:
SF:src/components/landing/MarketBrain.tsx
FN:33,(anonymous_0)
FN:42,(anonymous_1)
FN:43,(anonymous_2)
FN:70,(anonymous_3)
FN:71,(anonymous_4)
FN:73,(anonymous_5)
FN:76,(anonymous_6)
FN:112,(anonymous_7)
FN:117,(anonymous_8)
FN:118,(anonymous_9)
FN:146,(anonymous_10)
FN:154,(anonymous_11)
FN:194,(anonymous_12)
FN:206,(anonymous_13)
FN:225,(anonymous_14)
FN:229,(anonymous_15)
FN:237,(anonymous_16)
FN:247,(anonymous_17)
FN:256,(anonymous_18)
FN:257,(anonymous_19)
FN:258,(anonymous_20)
FN:259,(anonymous_21)
FN:264,(anonymous_22)
FN:267,(anonymous_23)
FN:275,(anonymous_24)
FN:293,(anonymous_25)
FN:299,(anonymous_26)
FN:314,(anonymous_27)
FNF:28
FNH:0
FNDA:0,(anonymous_0)
FNDA:0,(anonymous_1)
FNDA:0,(anonymous_2)
FNDA:0,(anonymous_3)
FNDA:0,(anonymous_4)
FNDA:0,(anonymous_5)
FNDA:0,(anonymous_6)
FNDA:0,(anonymous_7)
FNDA:0,(anonymous_8)
FNDA:0,(anonymous_9)
FNDA:0,(anonymous_10)
FNDA:0,(anonymous_11)
FNDA:0,(anonymous_12)
FNDA:0,(anonymous_13)
FNDA:0,(anonymous_14)
FNDA:0,(anonymous_15)
FNDA:0,(anonymous_16)
FNDA:0,(anonymous_17)
FNDA:0,(anonymous_18)
FNDA:0,(anonymous_19)
FNDA:0,(anonymous_20)
FNDA:0,(anonymous_21)
FNDA:0,(anonymous_22)
FNDA:0,(anonymous_23)
FNDA:0,(anonymous_24)
FNDA:0,(anonymous_25)
FNDA:0,(anonymous_26)
FNDA:0,(anonymous_27)
DA:1,0
DA:2,0
DA:33,0
DA:34,0
DA:35,0
DA:36,0
DA:37,0
DA:38,0
DA:39,0
DA:41,0
DA:43,0
DA:44,0
DA:46,0
DA:48,0
DA:50,0
DA:54,0
DA:70,0
DA:71,0
DA:72,0
DA:75,0
DA:77,0
DA:78,0
DA:79,0
DA:80,0
DA:82,0
DA:91,0
DA:92,0
DA:93,0
DA:94,0
DA:95,0
DA:96,0
DA:99,0
DA:112,0
DA:116,0
DA:118,0
DA:119,0
DA:126,0
DA:130,0
DA:135,0
DA:136,0
DA:137,0
DA:141,0
DA:143,0
DA:146,0
DA:147,0
DA:148,0
DA:149,0
DA:153,0
DA:154,0
DA:161,0
DA:162,0
DA:170,0
DA:173,0
DA:174,0
DA:176,0
DA:180,0
DA:184,0
DA:185,0
DA:186,0
DA:187,0
DA:194,0
DA:195,0
DA:196,0
DA:197,0
DA:199,0
DA:202,0
DA:205,0
DA:206,0
DA:207,0
DA:208,0
DA:209,0
DA:212,0
DA:219,0
DA:222,0
DA:225,0
DA:226,0
DA:227,0
DA:229,0
DA:230,0
DA:231,0
DA:234,0
DA:235,0
DA:237,0
DA:238,0
DA:244,0
DA:245,0
DA:247,0
DA:248,0
DA:249,0
DA:250,0
DA:251,0
DA:256,0
DA:257,0
DA:258,0
DA:259,0
DA:260,0
DA:263,0
DA:264,0
DA:266,0
DA:267,0
DA:272,0
DA:275,0
DA:276,0
DA:293,0
DA:294,0
DA:295,0
DA:296,0
DA:297,0
DA:298,0
DA:300,0
DA:310,0
DA:314,0
DA:317,0
LF:113
LH:0
BRDA:44,0,0,0
BRDA:44,0,1,0
BRDA:44,0,2,0
BRDA:46,1,0,0
[...]
FNDA:0,(anonymous_73)
FNDA:0,(anonymous_74)
FNDA:0,(anonymous_75)
FNDA:0,(anonymous_76)
FNDA:0,(anonymous_77)
FNDA:0,(anonymous_78)
FNDA:0,(anonymous_79)
DA:3,0
DA:4,0
DA:22,0
DA:23,0
DA:24,0
DA:25,0
DA:27,0
DA:28,0
DA:37,0
DA:39,0
DA:46,0
DA:47,0
DA:50,0
DA:86,0
DA:87,0
DA:95,0
DA:97,0
DA:98,0
DA:101,0
DA:102,0
DA:103,0
DA:104,0
DA:117,0
DA:120,0
DA:121,0
DA:123,0
DA:124,0
DA:125,0
DA:128,0
DA:129,0
DA:130,0
DA:132,0
DA:133,0
DA:134,0
DA:137,0
DA:143,0
DA:155,0
DA:156,0
DA:162,0
DA:163,0
DA:168,0
DA:169,0
DA:170,0
DA:171,0
DA:172,0
DA:173,0
DA:174,0
DA:177,0
DA:178,0
DA:179,0
DA:180,0
DA:181,0
DA:182,0
DA:183,0
DA:187,0
DA:190,0
DA:191,0
DA:192,0
DA:193,0
DA:194,0
DA:195,0
DA:198,0
DA:199,0
DA:202,0
DA:203,0
DA:204,0
DA:205,0
DA:221,0
DA:231,0
DA:233,0
DA:239,0
DA:240,0
DA:242,0
DA:245,0
DA:246,0
DA:247,0
DA:248,0
DA:253,0
DA:257,0
DA:265,0
DA:266,0
DA:276,0
DA:278,0
DA:280,0
DA:282,0
DA:283,0
DA:291,0
DA:295,0
DA:296,0
DA:300,0
DA:306,0
DA:313,0
DA:314,0
DA:320,0
DA:321,0
DA:327,0
DA:332,0
DA:343,0
DA:347,0
DA:349,0
DA:354,0
DA:360,0
DA:364,0
DA:365,0
DA:368,0
DA:372,0
DA:375,0
DA:376,0
DA:379,0
DA:380,0
DA:381,0
DA:384,0
DA:386,0
DA:387,0
DA:389,0
DA:390,0
DA:394,0
DA:396,0
DA:398,0
DA:399,0
DA:400,0
DA:403,0
DA:404,0
DA:409,0
DA:410,0
DA:415,0
DA:416,0
DA:417,0
DA:421,0
DA:422,0
DA:424,0
DA:426,0
DA:429,0
DA:430,0
DA:431,0
DA:440,0
DA:441,0
DA:442,0
DA:445,0
DA:452,0
DA:462,0
DA:463,0
DA:467,0
DA:468,0
DA:469,0
DA:472,0
DA:474,0
DA:477,0
DA:483,0
DA:487,0
DA:488,0
DA:489,0
DA:490,0
DA:491,0
DA:493,0
DA:494,0
DA:499,0
DA:500,0
DA:501,0
DA:502,0
DA:504,0
DA:505,0
DA:510,0
DA:511,0
DA:521,0
DA:522,0
DA:523,0
DA:528,0
DA:529,0
DA:537,0
DA:538,0
DA:539,0
DA:540,0
DA:547,0
DA:548,0
DA:549,0
DA:550,0
DA:552,0
DA:553,0
DA:558,0
DA:559,0
DA:560,0
DA:563,0
DA:565,0
DA:566,0
DA:571,0
DA:572,0
DA:573,0
DA:574,0
DA:576,0
DA:577,0
DA:582,0
DA:583,0
DA:584,0
DA:585,0
DA:587,0
DA:588,0
DA:593,0
DA:594,0
DA:595,0
DA:596,0
DA:598,0
DA:599,0
DA:608,0
DA:609,0
DA:613,0
DA:614,0
DA:617,0
DA:619,0
DA:620,0
DA:626,0
DA:627,0
DA:628,0
DA:633,0
DA:634,0
DA:635,0
DA:643,0
DA:644,0
DA:653,0
DA:656,0
DA:657,0
DA:659,0
DA:660,0
DA:668,0
DA:670,0
DA:671,0
DA:674,0
DA:675,0
DA:677,0
DA:678,0
DA:681,0
DA:682,0
DA:689,0
DA:691,0
DA:692,0
DA:694,0
DA:697,0
DA:703,0
DA:709,0
DA:712,0
DA:720,0
DA:721,0
DA:733,0
DA:734,0
DA:737,0
DA:738,0
DA:744,0
DA:747,0
DA:748,0
DA:753,0
DA:756,0
DA:757,0
DA:762,0
DA:763,0
DA:773,0
DA:774,0
DA:775,0
DA:781,0
DA:783,0
DA:784,0
DA:790,0
DA:791,0
DA:798,0
DA:799,0
DA:800,0
DA:801,0
DA:803,0
DA:805,0
DA:819,0
DA:820,0
DA:821,0
DA:829,0
DA:833,0
DA:839,0
DA:840,0
DA:841,0
DA:842,0
DA:844,0
DA:845,0
DA:851,0
DA:852,0
DA:853,0
DA:854,0
DA:856,0
DA:857,0
DA:869,0
DA:870,0
DA:871,0
DA:872,0
DA:874,0
DA:875,0
DA:884,0
DA:885,0
DA:886,0
DA:892,0
DA:893,0
DA:897,0
DA:898,0
DA:904,0
DA:906,0
DA:907,0
DA:908,0
DA:909,0
DA:910,0
DA:915,0
DA:916,0
DA:917,0
DA:918,0
DA:920,0
DA:921,0
DA:922,0
DA:925,0
DA:926,0
DA:928,0
DA:933,0
DA:934,0
DA:939,0
DA:940,0
DA:941,0
DA:942,0
DA:943,0
DA:944,0
DA:945,0
DA:948,0
DA:951,0
DA:952,0
DA:959,0
DA:965,0
DA:967,0
DA:970,0
DA:976,0
DA:978,0
DA:979,0
DA:980,0
DA:986,0
DA:990,0
DA:995,0
DA:999,0
DA:1004,0
DA:1008,0
DA:1017,0
DA:1019,0
DA:1020,0
DA:1023,0
DA:1024,0
DA:1029,0
DA:1030,0
DA:1035,0
DA:1037,0
DA:1038,0
DA:1049,0
DA:1051,0
DA:1052,0
DA:1055,0
DA:1056,0
DA:1058,0
DA:1064,0
DA:1071,0
DA:1083,0
DA:1085,0
DA:1086,0
DA:1087,0
DA:1091,0
DA:1094,0
DA:1100,0
DA:1102,0
DA:1108,0
DA:1117,0
DA:1119,0
DA:1120,0
DA:1121,0
DA:1124,0
DA:1126,0
DA:1132,0
DA:1139,0
DA:1151,0
DA:1153,0
DA:1154,0
DA:1155,0
DA:1159,0
DA:1162,0
DA:1168,0
DA:1170,0
DA:1176,0
DA:1182,0
DA:1184,0
DA:1185,0
DA:1194,0
DA:1195,0
DA:1198,0
DA:1199,0
DA:1201,0
DA:1204,0
DA:1205,0
DA:1212,0
DA:1214,0
DA:1221,0
DA:1235,0
DA:1236,0
DA:1237,0
DA:1240,0
DA:1241,0
DA:1247,0
DA:1256,0
DA:1257,0
DA:1258,0
DA:1261,0
DA:1263,0
DA:1264,0
DA:1272,0
DA:1274,0
DA:1275,0
DA:1278,0
DA:1288,0
DA:1289,0
DA:1290,0
DA:1293,0
DA:1294,0
DA:1297,0
DA:1298,0
DA:1299,0
DA:1302,0
DA:1309,0
DA:1310,0
DA:1311,0
DA:1312,0
DA:1313,0
DA:1314,0
DA:1315,0
DA:1317,0
DA:1322,0
DA:1330,0
DA:1331,0
DA:1332,0
DA:1343,0
DA:1349,0
DA:1350,0
DA:1359,0
DA:1365,0
DA:1366,0
DA:1367,0
DA:1373,0
DA:1381,0
DA:1382,0
DA:1391,0
DA:1393,0
DA:1395,0
DA:1396,0
DA:1404,0
DA:1408,0
DA:1409,0
DA:1413,0
DA:1420,0
DA:1421,0
DA:1424,0
DA:1429,0
DA:1430,0
DA:1431,0
DA:1436,0
DA:1437,0
DA:1439,0
DA:1442,0
DA:1443,0
DA:1444,0
DA:1445,0
DA:1450,0
DA:1454,0
DA:1462,0
DA:1463,0
DA:1473,0
DA:1475,0
DA:1477,0
DA:1479,0
DA:1480,0
DA:1488,0
DA:1492,0
DA:1493,0
DA:1497,0
DA:1503,0
DA:1510,0
DA:1511,0
DA:1517,0
DA:1518,0
DA:1524,0
DA:1526,0
LF:485
LH:0
BRDA:27,0,0,0
BRDA:27,1,0,0
BRDA:27,1,1,0
BRDA:31,2,0,0
BRDA:31,2,1,0
BRDA:46,3,0,0
BRDA:98,4,0,0
BRDA:98,4,1,0
BRDA:103,5,0,0
BRDA:123,6,0,0
BRDA:128,7,0,0
BRDA:130,8,0,0
BRDA:133,9,0,0
BRDA:144,10,0,0
BRDA:144,10,1,0
BRDA:146,11,0,0
BRDA:146,11,1,0
BRDA:150,12,0,0
BRDA:150,12,1,0
BRDA:163,13,0,0
BRDA:163,13,1,0
BRDA:180,14,0,0
BRDA:198,15,0,0
BRDA:202,16,0,0
BRDA:204,17,0,0
BRDA:204,18,0,0
BRDA:204,18,1,0
BRDA:209,19,0,0
BRDA:209,19,1,0
BRDA:212,20,0,0
BRDA:212,20,1,0
BRDA:241,21,0,0
BRDA:245,22,0,0
BRDA:245,23,0,0
BRDA:245,23,1,0
BRDA:247,24,0,0
BRDA:247,24,1,0
BRDA:278,25,0,0
BRDA:280,26,0,0
BRDA:282,27,0,0
BRDA:295,28,0,0
BRDA:315,29,0,0
BRDA:315,29,1,0
BRDA:347,30,0,0
BRDA:352,31,0,0
BRDA:352,31,1,0
BRDA:372,32,0,0
BRDA:380,33,0,0
BRDA:380,34,0,0
BRDA:380,34,1,0
BRDA:403,35,0,0
BRDA:403,36,0,0
BRDA:403,36,1,0
BRDA:416,37,0,0
BRDA:416,37,1,0
BRDA:426,38,0,0
BRDA:426,38,1,0
BRDA:429,39,0,0
BRDA:440,40,0,0
BRDA:462,41,0,0
BRDA:467,42,0,0
BRDA:469,43,0,0
BRDA:469,43,1,0
BRDA:540,44,0,0
BRDA:540,44,1,0
BRDA:557,45,0,0
BRDA:557,46,0,0
BRDA:613,47,0,0
BRDA:627,48,0,0
BRDA:634,49,0,0
BRDA:675,50,0,0
BRDA:675,50,1,0
BRDA:681,51,0,0
BRDA:683,52,0,0
BRDA:683,52,1,0
BRDA:683,52,2,0
BRDA:691,53,0,0
BRDA:691,54,0,0
BRDA:691,54,1,0
BRDA:701,55,0,0
BRDA:701,55,1,0
BRDA:712,56,0,0
BRDA:733,57,0,0
BRDA:747,58,0,0
BRDA:756,59,0,0
BRDA:773,60,0,0
BRDA:776,61,0,0
BRDA:776,61,1,0
BRDA:893,62,0,0
BRDA:893,62,1,0
BRDA:895,63,0,0
BRDA:895,63,1,0
BRDA:910,64,0,0
BRDA:910,64,1,0
BRDA:912,65,0,0
BRDA:912,65,1,0
BRDA:915,66,0,0
BRDA:915,66,1,0
BRDA:920,67,0,0
BRDA:920,68,0,0
BRDA:920,68,1,0
BRDA:925,69,0,0
BRDA:925,69,1,0
BRDA:926,70,0,0
BRDA:926,70,1,0
BRDA:928,71,0,0
BRDA:928,71,1,0
BRDA:939,72,0,0
BRDA:939,72,1,0
BRDA:990,73,0,0
BRDA:990,73,1,0
BRDA:990,73,2,0
BRDA:990,73,3,0
BRDA:995,74,0,0
BRDA:995,74,1,0
BRDA:1019,75,0,0
BRDA:1038,76,0,0
BRDA:1038,76,1,0
BRDA:1051,77,0,0
BRDA:1085,78,0,0
BRDA:1086,79,0,0
BRDA:1086,79,1,0
BRDA:1120,80,0,0
BRDA:1153,81,0,0
BRDA:1154,82,0,0
BRDA:1154,82,1,0
BRDA:1199,83,0,0
BRDA:1199,83,1,0
BRDA:1204,84,0,0
BRDA:1206,85,0,0
BRDA:1206,85,1,0
BRDA:1206,85,2,0
BRDA:1218,86,0,0
BRDA:1218,86,1,0
BRDA:1219,87,0,0
BRDA:1219,87,1,0
BRDA:1236,88,0,0
BRDA:1256,89,0,0
BRDA:1258,90,0,0
BRDA:1258,90,1,0
BRDA:1274,91,0,0
BRDA:1288,92,0,0
BRDA:1293,93,0,0
BRDA:1297,94,0,0
BRDA:1299,95,0,0
BRDA:1299,95,1,0
BRDA:1315,96,0,0
BRDA:1315,96,1,0
BRDA:1331,97,0,0
BRDA:1340,98,0,0
BRDA:1341,99,0,0
BRDA:1349,100,0,0
BRDA:1355,101,0,0
BRDA:1356,102,0,0
BRDA:1357,103,0,0
BRDA:1365,104,0,0
BRDA:1372,105,0,0
BRDA:1391,106,0,0
BRDA:1393,107,0,0
BRDA:1395,108,0,0
BRDA:1408,109,0,0
BRDA:1421,110,0,0
BRDA:1421,110,1,0
BRDA:1438,111,0,0
BRDA:1442,112,0,0
BRDA:1442,113,0,0
BRDA:1442,113,1,0
BRDA:1444,114,0,0
BRDA:1444,114,1,0
BRDA:1475,115,0,0
BRDA:1477,116,0,0
BRDA:1479,117,0,0
BRDA:1492,118,0,0
BRDA:1512,119,0,0
BRDA:1512,119,1,0
BRDA:1528,120,0,0
BRDA:1528,120,1,0
BRDA:1530,121,0,0
BRDA:1530,121,1,0
BRF:179
BRH:0
end_of_record
TN:
SF:src/services/dexscreener.ts
FN:136,getLastDebugInfo
FN:141,searchTokens
FN:155,(anonymous_2)
FN:162,(anonymous_3)
FN:231,fetchTokenInfo
FN:245,(anonymous_5)
FN:251,(anonymous_6)
FN:275,(anonymous_7)
FN:278,(anonymous_8)
FN:300,fetchHotTokens
FN:315,(anonymous_10)
FN:319,(anonymous_11)
FN:329,(anonymous_12)
FN:379,(anonymous_13)
FN:397,(anonymous_14)
FN:444,(anonymous_15)
FN:447,(anonymous_16)
FN:455,(anonymous_17)
FN:458,(anonymous_18)
FN:461,(anonymous_19)
FNF:20
FNH:0
FNDA:0,getLastDebugInfo
FNDA:0,searchTokens
FNDA:0,(anonymous_2)
FNDA:0,(anonymous_3)
FNDA:0,fetchTokenInfo
FNDA:0,(anonymous_5)
FNDA:0,(anonymous_6)
FNDA:0,(anonymous_7)
FNDA:0,(anonymous_8)
FNDA:0,fetchHotTokens
FNDA:0,(anonymous_10)
FNDA:0,(anonymous_11)
FNDA:0,(anonymous_12)
FNDA:0,(anonymous_13)
FNDA:0,(anonymous_14)
FNDA:0,(anonymous_15)
FNDA:0,(anonymous_16)
FNDA:0,(anonymous_17)
FNDA:0,(anonymous_18)
FNDA:0,(anonymous_19)
DA:4,0
DA:62,0
DA:130,0
DA:136,0
DA:137,0
DA:141,0
DA:142,0
DA:143,0
DA:148,0
DA:149,0
DA:152,0
DA:155,0
DA:156,0
DA:162,0
DA:163,0
DA:165,0
DA:167,0
DA:181,0
DA:182,0
DA:231,0
DA:232,0
DA:233,0
DA:238,0
DA:239,0
DA:242,0
DA:245,0
DA:246,0
DA:251,0
DA:252,0
DA:255,0
DA:256,0
DA:259,0
DA:275,0
DA:278,0
DA:295,0
DA:296,0
DA:300,0
DA:301,0
DA:302,0
DA:305,0
DA:310,0
DA:311,0
DA:314,0
DA:315,0
DA:318,0
DA:320,0
DA:321,0
DA:322,0
DA:324,0
DA:329,0
DA:331,0
DA:338,0
DA:339,0
DA:340,0
DA:341,0
DA:342,0
DA:346,0
DA:348,0
DA:349,0
DA:357,0
DA:358,0
DA:371,0
DA:372,0
DA:376,0
DA:380,0
DA:382,0
DA:383,0
DA:384,0
DA:391,0
DA:392,0
DA:399,0
DA:400,0
DA:401,0
DA:409,0
DA:411,0
DA:412,0
DA:413,0
DA:416,0
DA:418,0
DA:426,0
DA:431,0
DA:433,0
DA:434,0
DA:445,0
DA:446,0
DA:448,0
DA:451,0
DA:456,0
DA:459,0
DA:462,0
LF:90
LH:0
BRDA:148,0,0,0
BRDA:156,1,0,0
BRDA:156,1,1,0
BRDA:156,1,2,0
BRDA:162,2,0,0
BRDA:162,2,1,0
BRDA:162,3,0,0
BRDA:162,3,1,0
BRDA:165,4,0,0
BRDA:175,5,0,0
BRDA:175,5,1,0
BRDA:176,6,0,0
BRDA:176,6,1,0
BRDA:238,7,0,0
BRDA:246,8,0,0
BRDA:246,8,1,0
BRDA:252,9,0,0
BRDA:252,9,1,0
BRDA:252,10,0,0
BRDA:252,10,1,0
BRDA:255,11,0,0
BRDA:310,12,0,0
BRDA:338,13,0,0
BRDA:341,14,0,0
BRDA:352,15,0,0
BRDA:352,15,1,0
BRDA:358,16,0,0
BRDA:358,16,1,0
BRDA:399,17,0,0
BRDA:412,18,0,0
BRDA:412,19,0,0
BRDA:412,19,1,0
BRDA:419,20,0,0
BRDA:419,20,1,0
BRDA:420,21,0,0
BRDA:420,21,1,0
BRDA:421,22,0,0
BRDA:421,22,1,0
BRDA:422,23,0,0
BRDA:422,23,1,0
BRF:40
BRH:0
end_of_record
TN:
SF:src/services/userService.ts
FN:29,(anonymous_0)
FN:44,(anonymous_1)
FNF:2
FNH:0
FNDA:0,(anonymous_0)
FNDA:0,(anonymous_1)
DA:1,0
DA:30,0
DA:32,0
DA:33,0
DA:43,0
DA:44,0
DA:45,0
DA:50,0
DA:51,0
DA:53,0
DA:54,0
DA:61,0
LF:12
LH:0
BRDA:30,0,0,0
BRDA:30,1,0,0
BRDA:30,1,1,0
BRDA:43,2,0,0
BRDA:46,3,0,0
BRDA:46,3,1,0
BRDA:54,4,0,0
BRDA:54,4,1,0
BRF:8
BRH:0
end_of_record
TN:
SF:src/services/api/admin.ts
FN:5,(anonymous_0)
FN:16,(anonymous_1)
FN:22,(anonymous_2)
FN:28,(anonymous_3)
FN:50,(anonymous_4)
FN:57,(anonymous_5)
FN:73,(anonymous_6)
FNF:7
FNH:0
FNDA:0,(anonymous_0)
FNDA:0,(anonymous_1)
FNDA:0,(anonymous_2)
FNDA:0,(anonymous_3)
FNDA:0,(anonymous_4)
FNDA:0,(anonymous_5)
FNDA:0,(anonymous_6)
DA:2,0
DA:4,0
DA:6,0
DA:7,0
DA:8,0
DA:9,0
DA:11,0
DA:12,0
DA:17,0
DA:18,0
DA:19,0
DA:23,0
DA:24,0
DA:25,0
DA:32,0
DA:33,0
DA:34,0
DA:38,0
DA:40,0
DA:46,0
DA:51,0
DA:52,0
DA:61,0
DA:62,0
DA:63,0
DA:68,0
DA:69,0
DA:74,0
DA:75,0
DA:78,0
LF:30
LH:0
BRDA:44,0,0,0
BRDA:44,0,1,0
BRDA:73,1,0,0
BRDA:73,2,0,0
BRF:4
BRH:0
end_of_record
TN:
SF:src/services/api/balance.ts
FN:4,(anonymous_0)
FNF:1
FNH:0
FNDA:0,(anonymous_0)
DA:1,0
DA:3,0
DA:5,0
DA:6,0
DA:7,0
DA:8,0
DA:9,0
DA:10,0
DA:11,0
DA:13,0
DA:18,0
LF:11
LH:0
BRDA:11,0,0,0
BRDA:11,0,1,0
BRF:2
BRH:0
end_of_record
TN:
SF:src/services/api/contests.ts
FN:8,(anonymous_0)
FN:25,(anonymous_1)
FN:31,(anonymous_2)
FN:54,(anonymous_3)
FN:73,(anonymous_4)
FN:79,(anonymous_5)
FN:86,(anonymous_6)
FN:106,(anonymous_7)
FN:118,(anonymous_8)
FN:148,(anonymous_9)
FN:160,(anonymous_10)
FN:169,(anonymous_11)
FN:210,(anonymous_12)
FNF:13
FNH:0
FNDA:0,(anonymous_0)
FNDA:0,(anonymous_1)
FNDA:0,(anonymous_2)
FNDA:0,(anonymous_3)
FNDA:0,(anonymous_4)
FNDA:0,(anonymous_5)
FNDA:0,(anonymous_6)
FNDA:0,(anonymous_7)
FNDA:0,(anonymous_8)
FNDA:0,(anonymous_9)
FNDA:0,(anonymous_10)
FNDA:0,(anonymous_11)
FNDA:0,(anonymous_12)
DA:1,0
DA:2,0
DA:5,0
DA:7,0
DA:11,0
DA:18,0
DA:20,0
DA:21,0
DA:25,0
DA:32,0
DA:34,0
DA:35,0
DA:42,0
DA:43,0
DA:44,0
DA:47,0
DA:48,0
DA:53,0
DA:54,0
DA:55,0
DA:56,0
DA:59,0
DA:60,0
DA:61,0
DA:64,0
DA:65,0
DA:67,0
DA:72,0
DA:73,0
DA:78,0
DA:79,0
DA:85,0
DA:87,0
DA:92,0
DA:99,0
DA:101,0
DA:102,0
DA:107,0
DA:109,0
DA:110,0
DA:117,0
DA:118,0
DA:119,0
DA:122,0
DA:126,0
DA:131,0
DA:135,0
DA:140,0
DA:144,0
DA:152,0
DA:154,0
DA:155,0
DA:158,0
DA:159,0
DA:160,0
DA:167,0
DA:169,0
DA:176,0
DA:185,0
DA:186,0
DA:188,0
DA:189,0
DA:191,0
DA:194,0
DA:201,0
DA:203,0
DA:204,0
DA:211,0
DA:213,0
DA:214,0
DA:223,0
DA:224,0
DA:227,0
DA:228,0
DA:230,0
DA:233,0
DA:234,0
DA:241,0
DA:243,0
DA:249,0
LF:80
LH:0
BRDA:18,0,0,0
BRDA:21,1,0,0
BRDA:21,1,1,0
BRDA:23,2,0,0
BRDA:23,2,1,0
BRDA:42,3,0,0
BRDA:44,4,0,0
BRDA:44,4,1,0
BRDA:48,5,0,0
BRDA:48,5,1,0
BRDA:50,6,0,0
BRDA:50,6,1,0
BRDA:53,7,0,0
BRDA:53,7,1,0
BRDA:59,8,0,0
BRDA:59,9,0,0
BRDA:59,9,1,0
BRDA:64,10,0,0
BRDA:64,10,1,0
BRDA:65,11,0,0
BRDA:65,11,1,0
BRDA:67,12,0,0
BRDA:67,12,1,0
BRDA:78,13,0,0
BRDA:117,14,0,0
BRDA:119,15,0,0
BRDA:119,15,1,0
BRDA:126,16,0,0
BRDA:126,16,1,0
BRDA:126,16,2,0
BRDA:126,16,3,0
BRDA:131,17,0,0
BRDA:131,17,1,0
BRDA:154,18,0,0
BRDA:185,19,0,0
BRDA:189,20,0,0
BRDA:189,20,1,0
BRDA:195,21,0,0
BRDA:195,21,1,0
BRDA:195,21,2,0
BRDA:204,22,0,0
BRDA:204,22,1,0
BRDA:228,23,0,0
BRDA:228,23,1,0
BRDA:233,24,0,0
BRDA:235,25,0,0
BRDA:235,25,1,0
BRDA:235,25,2,0
BRDA:246,26,0,0
BRDA:246,26,1,0
BRDA:247,27,0,0
BRDA:247,27,1,0
BRF:52
BRH:0
end_of_record
TN:
SF:src/services/api/index.ts
FNF:0
FNH:0
DA:1,0
DA:4,0
DA:10,0
DA:11,0
DA:12,0
DA:13,0
DA:14,0
DA:15,0
DA:16,0
DA:17,0
DA:20,0
DA:32,0
LF:12
LH:0
BRF:0
BRH:0
end_of_record
TN:
SF:src/services/api/portfolio.ts
FN:6,(anonymous_0)
FNF:1
FNH:0
FNDA:0,(anonymous_0)
DA:1,0
DA:3,0
DA:5,0
DA:7,0
DA:9,0
DA:10,0
DA:13,0
DA:14,0
DA:18,0
DA:19,0
DA:20,0
DA:23,0
DA:24,0
DA:27,0
LF:14
LH:0
BRDA:9,0,0,0
BRDA:18,1,0,0
BRDA:23,2,0,0
BRF:3
BRH:0
end_of_record
TN:
SF:src/services/api/stats.ts
FN:4,(anonymous_0)
FN:10,(anonymous_1)
FN:18,(anonymous_2)
FN:24,(anonymous_3)
FN:35,(anonymous_4)
FNF:5
FNH:0
FNDA:0,(anonymous_0)
FNDA:0,(anonymous_1)
FNDA:0,(anonymous_2)
FNDA:0,(anonymous_3)
FNDA:0,(anonymous_4)
DA:1,0
DA:3,0
DA:5,0
DA:6,0
DA:7,0
DA:11,0
DA:12,0
DA:15,0
DA:19,0
DA:20,0
DA:21,0
DA:25,0
DA:26,0
DA:27,0
DA:28,0
DA:30,0
DA:31,0
DA:36,0
DA:37,0
DA:38,0
DA:39,0
DA:41,0
DA:42,0
LF:23
LH:0
BRDA:10,0,0,0
BRDA:10,1,0,0
BRF:2
BRH:0
end_of_record
TN:
SF:src/services/api/tokens.ts
FN:5,(anonymous_0)
FNF:1
FNH:0
FNDA:0,(anonymous_0)
DA:2,0
DA:4,0
DA:6,0
DA:7,0
DA:8,0
DA:9,0
LF:6
LH:0
BRDA:9,0,0,0
BRDA:9,0,1,0
BRF:2
BRH:0
end_of_record
TN:
SF:src/services/api/transactions.ts
FN:5,(anonymous_0)
FNF:1
FNH:0
FNDA:0,(anonymous_0)
DA:2,0
DA:4,0
DA:6,0
DA:7,0
DA:8,0
LF:5
LH:0
BRF:0
BRH:0
end_of_record
TN:
SF:src/services/api/users.ts
FN:6,(anonymous_0)
FN:27,(anonymous_1)
FN:31,(anonymous_2)
FN:43,(anonymous_3)
FN:52,(anonymous_4)
FN:63,(anonymous_5)
FNF:6
FNH:0
FNDA:0,(anonymous_0)
FNDA:0,(anonymous_1)
FNDA:0,(anonymous_2)
FNDA:0,(anonymous_3)
FNDA:0,(anonymous_4)
FNDA:0,(anonymous_5)
DA:1,0
DA:3,0
DA:5,0
DA:7,0
DA:8,0
DA:15,0
DA:16,0
DA:19,0
DA:20,0
DA:22,0
DA:23,0
DA:28,0
DA:29,0
DA:30,0
DA:31,0
DA:32,0
DA:36,0
DA:38,0
DA:39,0
DA:44,0
DA:49,0
DA:56,0
DA:57,0
DA:62,0
DA:63,0
DA:64,0
DA:70,0
DA:71,0
LF:28
LH:0
BRDA:15,0,0,0
BRDA:30,1,0,0
BRDA:33,2,0,0
BRDA:33,2,1,0
BRDA:49,3,0,0
BRDA:62,4,0,0
BRDA:65,5,0,0
BRDA:65,5,1,0
BRF:8
BRH:0
end_of_record
TN:
SF:src/services/api/utils.ts
FN:4,(anonymous_0)
FN:19,(anonymous_1)
FN:32,(anonymous_2)
FN:51,(anonymous_3)
FN:62,(anonymous_4)
FN:89,(anonymous_5)
FN:91,(anonymous_6)
FN:128,(anonymous_7)
FNF:8
FNH:0
FNDA:0,(anonymous_0)
FNDA:0,(anonymous_1)
FNDA:0,(anonymous_2)
FNDA:0,(anonymous_3)
FNDA:0,(anonymous_4)
FNDA:0,(anonymous_5)
FNDA:0,(anonymous_6)
FNDA:0,(anonymous_7)
DA:1,0
DA:2,0
DA:4,0
DA:9,0
DA:19,0
DA:20,0
DA:21,0
DA:25,0
DA:29,0
DA:30,0
DA:32,0
DA:36,0
DA:39,0
DA:40,0
DA:43,0
DA:44,0
DA:45,0
DA:48,0
DA:50,0
DA:51,0
DA:53,0
DA:62,0
DA:65,0
DA:66,0
DA:67,0
DA:70,0
DA:71,0
DA:72,0
DA:73,0
DA:74,0
DA:76,0
DA:77,0
DA:81,0
DA:82,0
DA:84,0
DA:85,0
DA:89,0
DA:90,0
DA:92,0
DA:99,0
DA:109,0
DA:110,0
DA:111,0
DA:113,0
DA:114,0
DA:121,0
DA:122,0
DA:128,0
DA:129,0
DA:134,0
LF:50
LH:0
BRDA:20,0,0,0
BRDA:20,0,1,0
BRDA:36,1,0,0
BRDA:44,2,0,0
BRDA:44,3,0,0
BRDA:44,3,1,0
BRDA:65,4,0,0
BRDA:81,5,0,0
BRDA:81,6,0,0
BRDA:81,6,1,0
BRDA:91,7,0,0
BRDA:113,8,0,0
BRDA:113,9,0,0
BRDA:113,9,1,0
BRDA:117,10,0,0
BRDA:117,10,1,0
BRDA:121,11,0,0
BRDA:130,12,0,0
BRDA:130,12,1,0
BRF:19
BRH:0
end_of_record
TN:
SF:src/store/useStore.ts
FN:81,(anonymous_0)
FN:89,(anonymous_1)
FN:121,(anonymous_2)
FN:145,(anonymous_3)
FN:153,(anonymous_4)
FN:167,(anonymous_5)
FN:175,(anonymous_6)
FN:182,(anonymous_7)
FN:183,(anonymous_8)
FN:187,(anonymous_9)
FN:192,(anonymous_10)
FN:193,(anonymous_11)
FN:194,(anonymous_12)
FN:196,(anonymous_13)
FN:228,(anonymous_14)
FN:237,(anonymous_15)
FN:393,(anonymous_16)
FN:451,(anonymous_17)
FN:453,(anonymous_18)
FN:454,(anonymous_19)
FN:479,(anonymous_20)
FN:479,(anonymous_21)
FN:504,(anonymous_22)
FN:537,(anonymous_23)
FN:556,(anonymous_24)
FN:566,(anonymous_25)
FN:567,(anonymous_26)
FN:579,(anonymous_27)
FN:585,(anonymous_28)
FN:586,(anonymous_29)
FNF:30
FNH:0
FNDA:0,(anonymous_0)
FNDA:0,(anonymous_1)
FNDA:0,(anonymous_2)
FNDA:0,(anonymous_3)
FNDA:0,(anonymous_4)
FNDA:0,(anonymous_5)
FNDA:0,(anonymous_6)
FNDA:0,(anonymous_7)
FNDA:0,(anonymous_8)
FNDA:0,(anonymous_9)
FNDA:0,(anonymous_10)
FNDA:0,(anonymous_11)
FNDA:0,(anonymous_12)
FNDA:0,(anonymous_13)
FNDA:0,(anonymous_14)
FNDA:0,(anonymous_15)
FNDA:0,(anonymous_16)
FNDA:0,(anonymous_17)
FNDA:0,(anonymous_18)
FNDA:0,(anonymous_19)
FNDA:0,(anonymous_20)
FNDA:0,(anonymous_21)
FNDA:0,(anonymous_22)
FNDA:0,(anonymous_23)
FNDA:0,(anonymous_24)
FNDA:0,(anonymous_25)
FNDA:0,(anonymous_26)
FNDA:0,(anonymous_27)
FNDA:0,(anonymous_28)
FNDA:0,(anonymous_29)
DA:3,0
DA:4,0
DA:5,0
DA:23,0
DA:79,0
DA:81,0
DA:89,0
DA:95,0
DA:96,0
DA:97,0
DA:98,0
DA:100,0
DA:101,0
DA:102,0
DA:114,0
DA:115,0
DA:120,0
DA:121,0
DA:122,0
DA:125,0
DA:127,0
DA:140,0
DA:141,0
DA:144,0
DA:145,0
DA:149,0
DA:153,0
DA:154,0
DA:167,0
DA:168,0
DA:170,0
DA:173,0
DA:175,0
DA:183,0
DA:187,0
DA:192,0
DA:193,0
DA:194,0
DA:197,0
DA:198,0
DA:200,0
DA:208,0
DA:209,0
DA:212,0
DA:214,0
DA:215,0
DA:218,0
DA:221,0
DA:222,0
DA:228,0
DA:230,0
DA:231,0
DA:232,0
DA:238,0
DA:239,0
DA:240,0
DA:241,0
DA:244,0
DA:245,0
DA:247,0
DA:248,0
DA:249,0
DA:250,0
DA:257,0
DA:258,0
DA:261,0
DA:262,0
DA:263,0
DA:264,0
DA:267,0
DA:268,0
DA:269,0
DA:271,0
DA:273,0
DA:279,0
DA:282,0
DA:283,0
DA:284,0
DA:285,0
DA:288,0
DA:289,0
DA:303,0
DA:304,0
DA:305,0
DA:315,0
DA:316,0
DA:321,0
DA:326,0
DA:327,0
DA:328,0
DA:331,0
DA:332,0
DA:333,0
DA:335,0
DA:336,0
DA:337,0
DA:341,0
DA:344,0
DA:345,0
DA:350,0
DA:351,0
DA:358,0
DA:379,0
DA:381,0
DA:382,0
DA:389,0
DA:394,0
DA:395,0
DA:396,0
DA:402,0
DA:403,0
DA:409,0
DA:410,0
DA:411,0
DA:423,0
DA:432,0
DA:433,0
DA:434,0
DA:435,0
DA:439,0
DA:440,0
DA:443,0
DA:449,0
DA:451,0
DA:452,0
DA:453,0
DA:454,0
DA:455,0
DA:463,0
DA:464,0
DA:466,0
DA:470,0
DA:472,0
DA:473,0
DA:479,0
DA:480,0
DA:482,0
DA:483,0
DA:487,0
DA:488,0
DA:489,0
DA:490,0
DA:493,0
DA:497,0
DA:504,0
DA:510,0
DA:511,0
DA:515,0
DA:528,0
DA:529,0
DA:538,0
DA:539,0
DA:546,0
DA:548,0
DA:549,0
DA:554,0
DA:556,0
DA:557,0
DA:560,0
DA:562,0
DA:563,0
DA:567,0
DA:568,0
DA:579,0
DA:582,0
DA:583,0
DA:586,0
DA:587,0
DA:592,0
LF:169
LH:0
BRDA:92,0,0,0
BRDA:93,1,0,0
BRDA:100,2,0,0
BRDA:114,3,0,0
BRDA:130,4,0,0
BRDA:130,4,1,0
BRDA:140,5,0,0
BRDA:155,6,0,0
BRDA:155,6,1,0
BRDA:155,6,2,0
BRDA:155,6,3,0
BRDA:155,6,4,0
BRDA:155,6,5,0
BRDA:155,6,6,0
BRDA:155,6,7,0
BRDA:208,7,0,0
BRDA:214,8,0,0
BRDA:230,9,0,0
BRDA:239,10,0,0
BRDA:248,11,0,0
BRDA:261,12,0,0
BRDA:261,13,0,0
BRDA:261,13,1,0
BRDA:267,14,0,0
BRDA:269,15,0,0
BRDA:269,15,1,0
BRDA:303,16,0,0
BRDA:315,17,0,0
BRDA:402,18,0,0
BRDA:402,18,1,0
BRDA:434,19,0,0
BRDA:456,20,0,0
BRDA:456,20,1,0
BRDA:480,21,0,0
BRDA:487,22,0,0
BRDA:489,23,0,0
BRDA:510,24,0,0
BRDA:528,25,0,0
BRDA:546,26,0,0
BRDA:548,27,0,0
BRDA:557,28,0,0
BRDA:557,28,1,0
BRDA:562,29,0,0
BRDA:582,30,0,0
BRF:44
BRH:0
end_of_record
